INFO 2022-08-09 12:40:40,647 - com.optimyth.qaking.codeanalysis.metadata.model.LibrariesResolver: Metadata libraries FACTORY directory added = D:\Software\KiuwanLocalAnalyzer\libraries
INFO 2022-08-09 12:40:40,647 - com.optimyth.qaking.codeanalysis.metadata.model.LibrariesResolver: Metadata libraries resolver found 1 directories to inspect: [D:\Software\KiuwanLocalAnalyzer\libraries]
WARN 2022-08-09 12:40:42,419 - com.optimyth.qaking.ts.frameworks.angular.ts.Angular2Annotation: Error parsing JS fragment:CDN_BASE_URL}}/{{row['original_value']}}{{organisationService.cdn_signature in file: D:\Repos\Edcast Repo\Edcast Myguide Web Retest Repo\guideme-web-dev\new\src\app\activity\activity.component.html
WARN 2022-08-09 12:40:42,420 - com.optimyth.qaking.ts.frameworks.angular.ts.Angular2Annotation: Error parsing JS fragment:row['original_value']}}{{organisationService.cdn_signature in file: D:\Repos\Edcast Repo\Edcast Myguide Web Retest Repo\guideme-web-dev\new\src\app\activity\activity.component.html
WARN 2022-08-09 12:40:42,420 - com.optimyth.qaking.ts.frameworks.angular.ts.Angular2Annotation: Error parsing JS fragment:row['new_value']}}{{organisationService.cdn_signature in file: D:\Repos\Edcast Repo\Edcast Myguide Web Retest Repo\guideme-web-dev\new\src\app\activity\activity.component.html
WARN 2022-08-09 12:40:42,420 - com.optimyth.qaking.ts.frameworks.angular.ts.Angular2Annotation: Error parsing JS fragment:CDN_BASE_URL}}/{{row['new_value']}}{{organisationService.cdn_signature in file: D:\Repos\Edcast Repo\Edcast Myguide Web Retest Repo\guideme-web-dev\new\src\app\activity\activity.component.html
WARN 2022-08-09 12:40:42,421 - com.optimyth.qaking.ts.frameworks.angular.ts.Angular2Annotation: Error parsing JS fragment:{'expanded-view':(userService.organization_id != '000' && userService.sidebarOpen),'collapsed-view':(userService.organization_id != '000' && !userService.sidebarOpen)} in file: D:\Repos\Edcast Repo\Edcast Myguide Web Retest Repo\guideme-web-dev\new\src\app\activity\activity.component.html
WARN 2022-08-09 12:40:42,437 - com.optimyth.qaking.ts.frameworks.angular.ts.Angular2Annotation: Error parsing JS fragment:{'pt-2 pt-sm-2 pt-md-2 pt-lg-4 pt-xl-4 rounded-top': j == 0 || j == 1} in file: D:\Repos\Edcast Repo\Edcast Myguide Web Retest Repo\guideme-web-dev\new\src\app\admin-settings\admin-settings.component.html
WARN 2022-08-09 12:40:42,438 - com.optimyth.qaking.ts.frameworks.angular.ts.Angular2Annotation: Error parsing JS fragment:{'expanded-view':(userService.organization_id != '000' && userService.sidebarOpen),'collapsed-view':(userService.organization_id != '000' && !userService.sidebarOpen)} in file: D:\Repos\Edcast Repo\Edcast Myguide Web Retest Repo\guideme-web-dev\new\src\app\admin-settings\admin-settings.component.html
WARN 2022-08-09 12:40:42,438 - com.optimyth.qaking.ts.frameworks.angular.ts.Angular2Annotation: Error parsing JS fragment:{'w-xs-100 w-sm-100 w-md-75 w-lg-50 w-xl-50': currentTab != 1,'w-85': currentTab === 1} in file: D:\Repos\Edcast Repo\Edcast Myguide Web Retest Repo\guideme-web-dev\new\src\app\admin-settings\admin-settings.component.html
WARN 2022-08-09 12:40:42,439 - com.optimyth.qaking.ts.frameworks.angular.ts.Angular2Annotation: Error parsing JS fragment:{'pt-2 pt-sm-2 pt-md-2 pt-lg-4 pt-xl-4 rounded-top': j == 0 || j == 1} in file: D:\Repos\Edcast Repo\Edcast Myguide Web Retest Repo\guideme-web-dev\new\src\app\admin-settings\admin-settings.component.html
WARN 2022-08-09 12:40:42,439 - com.optimyth.qaking.ts.frameworks.angular.ts.Angular2Annotation: Error parsing JS fragment:{'expanded-view':(userService.organization_id != '000' && userService.sidebarOpen),'collapsed-view':(userService.organization_id != '000' && !userService.sidebarOpen)} in file: D:\Repos\Edcast Repo\Edcast Myguide Web Retest Repo\guideme-web-dev\new\src\app\API And Services\apiandservices\apiandservices.component.html
WARN 2022-08-09 12:40:42,440 - com.optimyth.qaking.ts.frameworks.angular.ts.Angular2Annotation: Error parsing JS fragment:{'expanded-view':(userService.organization_id != '000' && userService.sidebarOpen),'collapsed-view':(userService.organization_id != '000' && !userService.sidebarOpen)} in file: D:\Repos\Edcast Repo\Edcast Myguide Web Retest Repo\guideme-web-dev\new\src\app\API And Services\generate-credentials\generate-credentials.component.html
WARN 2022-08-09 12:40:42,440 - com.optimyth.qaking.ts.frameworks.angular.ts.Angular2Annotation: Error parsing JS fragment:{'expanded-view':(userService.organization_id != '000' && userService.sidebarOpen),'collapsed-view':(userService.organization_id != '000' && !userService.sidebarOpen)} in file: D:\Repos\Edcast Repo\Edcast Myguide Web Retest Repo\guideme-web-dev\new\src\app\API Connector\api-connector\api-connector.component.html
WARN 2022-08-09 12:40:42,443 - com.optimyth.qaking.ts.frameworks.angular.ts.Angular2Annotation: Error parsing JS fragment:{'expanded-view':(userService.organization_id != '000' && userService.sidebarOpen),'collapsed-view':(userService.organization_id != '000' && !userService.sidebarOpen)} in file: D:\Repos\Edcast Repo\Edcast Myguide Web Retest Repo\guideme-web-dev\new\src\app\API Connector\create-api-connector\create-api-connector.component.html
WARN 2022-08-09 12:40:42,443 - com.optimyth.qaking.ts.frameworks.angular.ts.Angular2Annotation: Error parsing JS fragment:{'h-100':!bottomMargin} in file: D:\Repos\Edcast Repo\Edcast Myguide Web Retest Repo\guideme-web-dev\new\src\app\app.component.html
WARN 2022-08-09 12:40:42,444 - com.optimyth.qaking.ts.frameworks.angular.ts.Angular2Annotation: Error parsing JS fragment:{'expanded-view': (user.organization_id != '000' && user.sidebarOpen), 'collapsed-view':(user.organization_id != '000' && !user.sidebarOpen)} in file: D:\Repos\Edcast Repo\Edcast Myguide Web Retest Repo\guideme-web-dev\new\src\app\app.component.html
WARN 2022-08-09 12:40:42,445 - com.optimyth.qaking.ts.frameworks.angular.ts.Angular2Annotation: Error parsing JS fragment:{'expanded-view':(userService.organization_id != '000' && userService.sidebarOpen),'collapsed-view':(userService.organization_id != '000' && !userService.sidebarOpen)} in file: D:\Repos\Edcast Repo\Edcast Myguide Web Retest Repo\guideme-web-dev\new\src\app\Applications\add_edit\add-application\add-application.component.html
WARN 2022-08-09 12:40:42,446 - com.optimyth.qaking.ts.frameworks.angular.ts.Angular2Annotation: Error parsing JS fragment:{'expanded-view':(userService.organization_id != '000' && userService.sidebarOpen),'collapsed-view':(userService.organization_id != '000' && !userService.sidebarOpen)} in file: D:\Repos\Edcast Repo\Edcast Myguide Web Retest Repo\guideme-web-dev\new\src\app\Applications\list\application\application.component.html
WARN 2022-08-09 12:40:42,446 - com.optimyth.qaking.ts.frameworks.angular.ts.Angular2Annotation: Error parsing JS fragment:{'active':page==paginationService.currentPage} in file: D:\Repos\Edcast Repo\Edcast Myguide Web Retest Repo\guideme-web-dev\new\src\app\Applications\list\application\application.component.html
WARN 2022-08-09 12:40:42,447 - com.optimyth.qaking.ts.frameworks.angular.ts.Angular2Annotation: Error parsing JS fragment:{'active':page==paginationService.currentPage} in file: D:\Repos\Edcast Repo\Edcast Myguide Web Retest Repo\guideme-web-dev\new\src\app\Applications\list\application\application.component.html
WARN 2022-08-09 12:40:42,448 - com.optimyth.qaking.ts.frameworks.angular.ts.Angular2Annotation: Error parsing JS fragment:{'error color': !equal_check} in file: D:\Repos\Edcast Repo\Edcast Myguide Web Retest Repo\guideme-web-dev\new\src\app\change-password\change-password.component.html
WARN 2022-08-09 12:40:42,448 - com.optimyth.qaking.ts.frameworks.angular.ts.Angular2Annotation: Error parsing JS fragment:{'error color': !specialchar_check} in file: D:\Repos\Edcast Repo\Edcast Myguide Web Retest Repo\guideme-web-dev\new\src\app\change-password\change-password.component.html
WARN 2022-08-09 12:40:42,448 - com.optimyth.qaking.ts.frameworks.angular.ts.Angular2Annotation: Error parsing JS fragment:{'error color': !length_check} in file: D:\Repos\Edcast Repo\Edcast Myguide Web Retest Repo\guideme-web-dev\new\src\app\change-password\change-password.component.html
WARN 2022-08-09 12:40:42,449 - com.optimyth.qaking.ts.frameworks.angular.ts.Angular2Annotation: Error parsing JS fragment:{'expanded-view':(userService.organization_id != '000' && userService.sidebarOpen),'collapsed-view':(userService.organization_id != '000' && !userService.sidebarOpen)} in file: D:\Repos\Edcast Repo\Edcast Myguide Web Retest Repo\guideme-web-dev\new\src\app\change-password\change-password.component.html
WARN 2022-08-09 12:40:42,449 - com.optimyth.qaking.ts.frameworks.angular.ts.Angular2Annotation: Error parsing JS fragment:{'error color': !digit_check} in file: D:\Repos\Edcast Repo\Edcast Myguide Web Retest Repo\guideme-web-dev\new\src\app\change-password\change-password.component.html
WARN 2022-08-09 12:40:42,449 - com.optimyth.qaking.ts.frameworks.angular.ts.Angular2Annotation: Error parsing JS fragment:{'error color': !capital_check} in file: D:\Repos\Edcast Repo\Edcast Myguide Web Retest Repo\guideme-web-dev\new\src\app\change-password\change-password.component.html
WARN 2022-08-09 12:40:42,450 - com.optimyth.qaking.ts.frameworks.angular.ts.Angular2Annotation: Error parsing JS fragment:form.name}}{{ val in file: D:\Repos\Edcast Repo\Edcast Myguide Web Retest Repo\guideme-web-dev\new\src\app\common\form\form.component.html
WARN 2022-08-09 12:40:42,451 - com.optimyth.qaking.ts.frameworks.angular.ts.Angular2Annotation: Error parsing JS fragment:form.name}}{{ val in file: D:\Repos\Edcast Repo\Edcast Myguide Web Retest Repo\guideme-web-dev\new\src\app\common\form\form.component.html
WARN 2022-08-09 12:40:42,452 - com.optimyth.qaking.ts.frameworks.angular.ts.Angular2Annotation: Error parsing JS fragment:{'m-20':form.type == 'position_heading'} in file: D:\Repos\Edcast Repo\Edcast Myguide Web Retest Repo\guideme-web-dev\new\src\app\common\form\form.component.html
WARN 2022-08-09 12:40:42,453 - com.optimyth.qaking.ts.frameworks.angular.ts.Angular2Annotation: Error parsing JS fragment:{'top-left':m==0,'top-right':m==1,'bottom-left':m==2,'bottom-right':m==3} in file: D:\Repos\Edcast Repo\Edcast Myguide Web Retest Repo\guideme-web-dev\new\src\app\common\form\form.component.html
WARN 2022-08-09 12:40:42,453 - com.optimyth.qaking.ts.frameworks.angular.ts.Angular2Annotation: Error parsing JS fragment:{'w-xs-100 w-sm-100 w-md-75 w-lg-50 w-xl-50': !formData[0].layoutModal} in file: D:\Repos\Edcast Repo\Edcast Myguide Web Retest Repo\guideme-web-dev\new\src\app\common\form\form.component.html
WARN 2022-08-09 12:40:42,454 - com.optimyth.qaking.ts.frameworks.angular.ts.Angular2Annotation: Error parsing JS fragment:image_id != '0'; else profile_initials in file: D:\Repos\Edcast Repo\Edcast Myguide Web Retest Repo\guideme-web-dev\new\src\app\common\header\header.component.html
WARN 2022-08-09 12:40:42,454 - com.optimyth.qaking.ts.frameworks.angular.ts.Angular2Annotation: Error parsing JS fragment:image_id != '0'; else profile_initials in file: D:\Repos\Edcast Repo\Edcast Myguide Web Retest Repo\guideme-web-dev\new\src\app\common\header\header.component.html
WARN 2022-08-09 12:40:42,455 - com.optimyth.qaking.ts.frameworks.angular.ts.Angular2Annotation: Error parsing JS fragment:image_id != '0'; else profile_initials in file: D:\Repos\Edcast Repo\Edcast Myguide Web Retest Repo\guideme-web-dev\new\src\app\common\header\header.component.html
WARN 2022-08-09 12:40:42,455 - com.optimyth.qaking.ts.frameworks.angular.ts.Angular2Annotation: Error parsing JS fragment:image_id != '0'; else profile_initials in file: D:\Repos\Edcast Repo\Edcast Myguide Web Retest Repo\guideme-web-dev\new\src\app\common\header\header.component.html
WARN 2022-08-09 12:40:42,455 - com.optimyth.qaking.ts.frameworks.angular.ts.Angular2Annotation: Error parsing JS fragment:{
                      'background-color':
                        items[
                          userService.user.first_name.charAt(0).toLowerCase()
                        ]
                    } in file: D:\Repos\Edcast Repo\Edcast Myguide Web Retest Repo\guideme-web-dev\new\src\app\common\header\header.component.html
WARN 2022-08-09 12:40:42,456 - com.optimyth.qaking.ts.frameworks.angular.ts.Angular2Annotation: Error parsing JS fragment:{
                          'background-color':
                            items[
                              userService.user.first_name
                                .charAt(0)
                                .toLowerCase()
                            ]
                        } in file: D:\Repos\Edcast Repo\Edcast Myguide Web Retest Repo\guideme-web-dev\new\src\app\common\header\header.component.html
WARN 2022-08-09 12:40:42,456 - com.optimyth.qaking.ts.frameworks.angular.ts.Angular2Annotation: Error parsing JS fragment:switch() in file: D:\Repos\Edcast Repo\Edcast Myguide Web Retest Repo\guideme-web-dev\new\src\app\common\header\header.component.html
WARN 2022-08-09 12:40:42,457 - com.optimyth.qaking.ts.frameworks.angular.ts.Angular2Annotation: Error parsing JS fragment:{'active-tab':userService.activeTab=='activity'} in file: D:\Repos\Edcast Repo\Edcast Myguide Web Retest Repo\guideme-web-dev\new\src\app\common\left-panel\left-panel.component.html
WARN 2022-08-09 12:40:42,458 - com.optimyth.qaking.ts.frameworks.angular.ts.Angular2Annotation: Error parsing JS fragment:{'active-tab':userService.activeTab=='dashboard'} in file: D:\Repos\Edcast Repo\Edcast Myguide Web Retest Repo\guideme-web-dev\new\src\app\common\left-panel\left-panel.component.html
WARN 2022-08-09 12:40:42,458 - com.optimyth.qaking.ts.frameworks.angular.ts.Angular2Annotation: Error parsing JS fragment:{'active-tab':userService.activeTab=='applications'} in file: D:\Repos\Edcast Repo\Edcast Myguide Web Retest Repo\guideme-web-dev\new\src\app\common\left-panel\left-panel.component.html
WARN 2022-08-09 12:40:42,458 - com.optimyth.qaking.ts.frameworks.angular.ts.Angular2Annotation: Error parsing JS fragment:{'active-tab':userService.activeTab=='user-provisioning'} in file: D:\Repos\Edcast Repo\Edcast Myguide Web Retest Repo\guideme-web-dev\new\src\app\common\left-panel\left-panel.component.html
WARN 2022-08-09 12:40:42,458 - com.optimyth.qaking.ts.frameworks.angular.ts.Angular2Annotation: Error parsing JS fragment:{'active-tab':userService.activeTab=='admin settings'} in file: D:\Repos\Edcast Repo\Edcast Myguide Web Retest Repo\guideme-web-dev\new\src\app\common\left-panel\left-panel.component.html
WARN 2022-08-09 12:40:42,458 - com.optimyth.qaking.ts.frameworks.angular.ts.Angular2Annotation: Error parsing JS fragment:{ 'd-none': !userService.enableTaskList ,'active-tab' : userService.activeTab=='task list'} in file: D:\Repos\Edcast Repo\Edcast Myguide Web Retest Repo\guideme-web-dev\new\src\app\common\left-panel\left-panel.component.html
WARN 2022-08-09 12:40:42,458 - com.optimyth.qaking.ts.frameworks.angular.ts.Angular2Annotation: Error parsing JS fragment:{'active-tab':userService.activeTab=='users'} in file: D:\Repos\Edcast Repo\Edcast Myguide Web Retest Repo\guideme-web-dev\new\src\app\common\left-panel\left-panel.component.html
WARN 2022-08-09 12:40:42,459 - com.optimyth.qaking.ts.frameworks.angular.ts.Angular2Annotation: Error parsing JS fragment:{ 'd-block': userService.enableSSO ,'active-tab':userService.activeTab=='SSO'} in file: D:\Repos\Edcast Repo\Edcast Myguide Web Retest Repo\guideme-web-dev\new\src\app\common\left-panel\left-panel.component.html
WARN 2022-08-09 12:40:42,459 - com.optimyth.qaking.ts.frameworks.angular.ts.Angular2Annotation: Error parsing JS fragment:{'active-tab' : userService.activeTab=='export_data'} in file: D:\Repos\Edcast Repo\Edcast Myguide Web Retest Repo\guideme-web-dev\new\src\app\common\left-panel\left-panel.component.html
WARN 2022-08-09 12:40:42,459 - com.optimyth.qaking.ts.frameworks.angular.ts.Angular2Annotation: Error parsing JS fragment:{'active-tab':userService.activeTab=='domains'} in file: D:\Repos\Edcast Repo\Edcast Myguide Web Retest Repo\guideme-web-dev\new\src\app\common\left-panel\left-panel.component.html
WARN 2022-08-09 12:40:42,459 - com.optimyth.qaking.ts.frameworks.angular.ts.Angular2Annotation: Error parsing JS fragment:{'d-none':!userService.enableMediaThemes,'active-tab':userService.activeTab=='themes'} in file: D:\Repos\Edcast Repo\Edcast Myguide Web Retest Repo\guideme-web-dev\new\src\app\common\left-panel\left-panel.component.html
WARN 2022-08-09 12:40:42,459 - com.optimyth.qaking.ts.frameworks.angular.ts.Angular2Annotation: Error parsing JS fragment:{ 'd-none': !userService.enableSegments ,'active-tab' : userService.activeTab=='segments'} in file: D:\Repos\Edcast Repo\Edcast Myguide Web Retest Repo\guideme-web-dev\new\src\app\common\left-panel\left-panel.component.html
WARN 2022-08-09 12:40:42,459 - com.optimyth.qaking.ts.frameworks.angular.ts.Angular2Annotation: Error parsing JS fragment:{'active-tab':userService.activeTab=='manage roles'} in file: D:\Repos\Edcast Repo\Edcast Myguide Web Retest Repo\guideme-web-dev\new\src\app\common\left-panel\left-panel.component.html
WARN 2022-08-09 12:40:42,460 - com.optimyth.qaking.ts.frameworks.angular.ts.Angular2Annotation: Error parsing JS fragment:{'active-tab':userService.activeTab=='api & services'} in file: D:\Repos\Edcast Repo\Edcast Myguide Web Retest Repo\guideme-web-dev\new\src\app\common\left-panel\left-panel.component.html
WARN 2022-08-09 12:40:42,460 - com.optimyth.qaking.ts.frameworks.angular.ts.Angular2Annotation: Error parsing JS fragment:{ 'd-block': userService.enableConnector,'active-tab':userService.activeTab=='api connectors' } in file: D:\Repos\Edcast Repo\Edcast Myguide Web Retest Repo\guideme-web-dev\new\src\app\common\left-panel\left-panel.component.html
WARN 2022-08-09 12:40:42,461 - com.optimyth.qaking.ts.frameworks.angular.ts.Angular2Annotation: Error parsing JS fragment:d[key]==null;else showName in file: D:\Repos\Edcast Repo\Edcast Myguide Web Retest Repo\guideme-web-dev\new\src\app\common\table\table.component.html
WARN 2022-08-09 12:40:42,462 - com.optimyth.qaking.ts.frameworks.angular.ts.Angular2Annotation: Error parsing JS fragment:
              dataKeys[dataKeys.length - 1] != 'app_action';
              else show_initials
             in file: D:\Repos\Edcast Repo\Edcast Myguide Web Retest Repo\guideme-web-dev\new\src\app\common\table\table.component.html
WARN 2022-08-09 12:40:42,463 - com.optimyth.qaking.ts.frameworks.angular.ts.Angular2Annotation: Error parsing JS fragment:
              dataKeys[dataKeys.length - 1] != 'app_action';
              else show_initials
             in file: D:\Repos\Edcast Repo\Edcast Myguide Web Retest Repo\guideme-web-dev\new\src\app\common\table\table.component.html
WARN 2022-08-09 12:40:42,463 - com.optimyth.qaking.ts.frameworks.angular.ts.Angular2Annotation: Error parsing JS fragment:i }}_{{ k in file: D:\Repos\Edcast Repo\Edcast Myguide Web Retest Repo\guideme-web-dev\new\src\app\common\table\table.component.html
WARN 2022-08-09 12:40:42,464 - com.optimyth.qaking.ts.frameworks.angular.ts.Angular2Annotation: Error parsing JS fragment:d[dataKeys[0]] }}{{ organisationService.cdn_signature in file: D:\Repos\Edcast Repo\Edcast Myguide Web Retest Repo\guideme-web-dev\new\src\app\common\table\table.component.html
WARN 2022-08-09 12:40:42,464 - com.optimyth.qaking.ts.frameworks.angular.ts.Angular2Annotation: Error parsing JS fragment:{
              'cursor': ((key == 'user_action') && (userService.user.role != 'superadmin') && (d['role'] == 'superadmin'))? 'not-allowed':'pointer'
            } in file: D:\Repos\Edcast Repo\Edcast Myguide Web Retest Repo\guideme-web-dev\new\src\app\common\table\table.component.html
WARN 2022-08-09 12:40:42,465 - com.optimyth.qaking.ts.frameworks.angular.ts.Angular2Annotation: Error parsing JS fragment:{
                'pointer-events':((key == 'user_action') && (userService.user.role != 'superadmin') && (d['role'] == 'superadmin'))? 'none':'visible'
              } in file: D:\Repos\Edcast Repo\Edcast Myguide Web Retest Repo\guideme-web-dev\new\src\app\common\table\table.component.html
WARN 2022-08-09 12:40:42,466 - com.optimyth.qaking.ts.frameworks.angular.ts.Angular2Annotation: Error parsing JS fragment:{
                'background-color': items[d['title'].charAt(0).toLowerCase()]
              } in file: D:\Repos\Edcast Repo\Edcast Myguide Web Retest Repo\guideme-web-dev\new\src\app\common\table\table.component.html
WARN 2022-08-09 12:40:42,467 - com.optimyth.qaking.ts.frameworks.angular.ts.Angular2Annotation: Error parsing JS fragment:{
                'pointer-events':((key == 'user_action') && (userService.user.role != 'superadmin') && (d['role'] == 'superadmin'))? 'none':'visible'
              } in file: D:\Repos\Edcast Repo\Edcast Myguide Web Retest Repo\guideme-web-dev\new\src\app\common\table\table.component.html
WARN 2022-08-09 12:40:42,467 - com.optimyth.qaking.ts.frameworks.angular.ts.Angular2Annotation: Error parsing JS fragment:{
                'pointer-events':((key == 'user_action') && (userService.user.role != 'superadmin') && (d['role'] == 'superadmin'))? 'none':'visible'
              } in file: D:\Repos\Edcast Repo\Edcast Myguide Web Retest Repo\guideme-web-dev\new\src\app\common\table\table.component.html
WARN 2022-08-09 12:40:42,467 - com.optimyth.qaking.ts.frameworks.angular.ts.Angular2Annotation: Error parsing JS fragment:{
                'pointer-events':((key == 'user_action') && (userService.user.role != 'superadmin') && (d['role'] == 'superadmin'))? 'none':'visible'
              } in file: D:\Repos\Edcast Repo\Edcast Myguide Web Retest Repo\guideme-web-dev\new\src\app\common\table\table.component.html
WARN 2022-08-09 12:40:42,468 - com.optimyth.qaking.ts.frameworks.angular.ts.Angular2Annotation: Error parsing JS fragment:{
                      'pointer-events':d['export_download_disabled'] ? 'none':'visible',
                      'color':d['export_download_disabled'] ? '#cfd0dd':''
                    } in file: D:\Repos\Edcast Repo\Edcast Myguide Web Retest Repo\guideme-web-dev\new\src\app\common\table\table.component.html
WARN 2022-08-09 12:40:42,469 - com.optimyth.qaking.ts.frameworks.angular.ts.Angular2Annotation: Error parsing JS fragment:{'expanded-view':(userService.organization_id != '000' && userService.sidebarOpen),'collapsed-view':(userService.organization_id != '000' && !userService.sidebarOpen)} in file: D:\Repos\Edcast Repo\Edcast Myguide Web Retest Repo\guideme-web-dev\new\src\app\dashboard\dashboard.component.html
WARN 2022-08-09 12:40:42,469 - com.optimyth.qaking.ts.frameworks.angular.ts.Angular2Annotation: Error parsing JS fragment:delete() in file: D:\Repos\Edcast Repo\Edcast Myguide Web Retest Repo\guideme-web-dev\new\src\app\delete-modal\delete-modal.component.html
WARN 2022-08-09 12:40:42,469 - com.optimyth.qaking.ts.frameworks.angular.ts.Angular2Annotation: Error parsing JS fragment:{'expanded-view':(userService.organization_id != '000' && userService.sidebarOpen),'collapsed-view':(userService.organization_id != '000' && !userService.sidebarOpen)} in file: D:\Repos\Edcast Repo\Edcast Myguide Web Retest Repo\guideme-web-dev\new\src\app\domain\domain.component.html
WARN 2022-08-09 12:40:42,469 - com.optimyth.qaking.ts.frameworks.angular.ts.Angular2Annotation: Error parsing JS fragment:{'active':page==paginationService.currentPage} in file: D:\Repos\Edcast Repo\Edcast Myguide Web Retest Repo\guideme-web-dev\new\src\app\domain\domain.component.html
WARN 2022-08-09 12:40:42,471 - com.optimyth.qaking.ts.frameworks.angular.ts.Angular2Annotation: Error parsing JS fragment:{'active':page==paginationService.currentPage} in file: D:\Repos\Edcast Repo\Edcast Myguide Web Retest Repo\guideme-web-dev\new\src\app\domain\domain.component.html
WARN 2022-08-09 12:40:42,471 - com.optimyth.qaking.ts.frameworks.angular.ts.Angular2Annotation: Error parsing JS fragment:{'expanded-view':(userService.organization_id != '000' && userService.sidebarOpen),'collapsed-view':(userService.organization_id != '000' && !userService.sidebarOpen)} in file: D:\Repos\Edcast Repo\Edcast Myguide Web Retest Repo\guideme-web-dev\new\src\app\export\export.component.html
WARN 2022-08-09 12:40:42,472 - com.optimyth.qaking.ts.frameworks.angular.ts.Angular2Annotation: Error parsing JS fragment:{'error color': !length_check} in file: D:\Repos\Edcast Repo\Edcast Myguide Web Retest Repo\guideme-web-dev\new\src\app\generate-password\generate-password.component.html
WARN 2022-08-09 12:40:42,472 - com.optimyth.qaking.ts.frameworks.angular.ts.Angular2Annotation: Error parsing JS fragment:{'error color': !capital_check} in file: D:\Repos\Edcast Repo\Edcast Myguide Web Retest Repo\guideme-web-dev\new\src\app\generate-password\generate-password.component.html
WARN 2022-08-09 12:40:42,472 - com.optimyth.qaking.ts.frameworks.angular.ts.Angular2Annotation: Error parsing JS fragment:{'error color': !specialchar_check} in file: D:\Repos\Edcast Repo\Edcast Myguide Web Retest Repo\guideme-web-dev\new\src\app\generate-password\generate-password.component.html
WARN 2022-08-09 12:40:42,472 - com.optimyth.qaking.ts.frameworks.angular.ts.Angular2Annotation: Error parsing JS fragment:{'error color': !equal_check} in file: D:\Repos\Edcast Repo\Edcast Myguide Web Retest Repo\guideme-web-dev\new\src\app\generate-password\generate-password.component.html
WARN 2022-08-09 12:40:42,472 - com.optimyth.qaking.ts.frameworks.angular.ts.Angular2Annotation: Error parsing JS fragment:{'error color': !digit_check} in file: D:\Repos\Edcast Repo\Edcast Myguide Web Retest Repo\guideme-web-dev\new\src\app\generate-password\generate-password.component.html
WARN 2022-08-09 12:40:42,473 - com.optimyth.qaking.ts.frameworks.angular.ts.Angular2Annotation: Error parsing JS fragment:showFolder && folders;else showContents in file: D:\Repos\Edcast Repo\Edcast Myguide Web Retest Repo\guideme-web-dev\new\src\app\manage-content\manage-content.component.html
WARN 2022-08-09 12:40:42,473 - com.optimyth.qaking.ts.frameworks.angular.ts.Angular2Annotation: Error parsing JS fragment:showFolder && folders;else showContents in file: D:\Repos\Edcast Repo\Edcast Myguide Web Retest Repo\guideme-web-dev\new\src\app\manage-content\manage-content.component.html
WARN 2022-08-09 12:40:42,562 - com.optimyth.qaking.ts.frameworks.angular.ts.Angular2Annotation: Error parsing JS fragment:m+1}}. {{content_titles[m] in file: D:\Repos\Edcast Repo\Edcast Myguide Web Retest Repo\guideme-web-dev\new\src\app\manage-content\manage-content.component.html
WARN 2022-08-09 12:40:42,563 - com.optimyth.qaking.ts.frameworks.angular.ts.Angular2Annotation: Error parsing JS fragment:url}}{{organisationService.cdn_signature in file: D:\Repos\Edcast Repo\Edcast Myguide Web Retest Repo\guideme-web-dev\new\src\app\manage-content\manage-content.component.html
WARN 2022-08-09 12:40:42,563 - com.optimyth.qaking.ts.frameworks.angular.ts.Angular2Annotation: Error parsing JS fragment:{'expanded-view':(userService.user.organization_id != '000' && userService.sidebarOpen),'collapsed-view':(userService.user.organization_id != '000' && !userService.sidebarOpen)} in file: D:\Repos\Edcast Repo\Edcast Myguide Web Retest Repo\guideme-web-dev\new\src\app\manage-content\manage-content.component.html
WARN 2022-08-09 12:40:42,563 - com.optimyth.qaking.ts.frameworks.angular.ts.Angular2Annotation: Error parsing JS fragment:{'active':m==currentIndex} in file: D:\Repos\Edcast Repo\Edcast Myguide Web Retest Repo\guideme-web-dev\new\src\app\manage-content\manage-content.component.html
WARN 2022-08-09 12:40:42,564 - com.optimyth.qaking.ts.frameworks.angular.ts.Angular2Annotation: Error parsing JS fragment:{'col-sm-12 col-md-12 col-lg-12 col-xl-12 p-2 text-right bg-gray':(folders.length==0 && task_list['is_publish']=='0') || (folders.length==0 && contentsWithoutFolder.length>0) || (contentsWithoutFolder.length==0 && task_list['is_publish']=='0')} in file: D:\Repos\Edcast Repo\Edcast Myguide Web Retest Repo\guideme-web-dev\new\src\app\manage-content\manage-content.component.html
WARN 2022-08-09 12:40:42,565 - com.optimyth.qaking.ts.frameworks.angular.ts.Angular2Annotation: Error parsing JS fragment:{'expanded-view':(userService.organization_id != '000' && userService.sidebarOpen),'collapsed-view':(userService.organization_id != '000' && !userService.sidebarOpen)} in file: D:\Repos\Edcast Repo\Edcast Myguide Web Retest Repo\guideme-web-dev\new\src\app\manage-roles\manage-roles.component.html
WARN 2022-08-09 12:40:42,566 - com.optimyth.qaking.ts.frameworks.angular.ts.Angular2Annotation: Error parsing JS fragment:{'active':page==paginationService.currentPage} in file: D:\Repos\Edcast Repo\Edcast Myguide Web Retest Repo\guideme-web-dev\new\src\app\manage-roles\manage-roles.component.html
WARN 2022-08-09 12:40:42,566 - com.optimyth.qaking.ts.frameworks.angular.ts.Angular2Annotation: Error parsing JS fragment:{'active':page==paginationService.currentPage} in file: D:\Repos\Edcast Repo\Edcast Myguide Web Retest Repo\guideme-web-dev\new\src\app\manage-roles\manage-roles.component.html
WARN 2022-08-09 12:40:42,566 - com.optimyth.qaking.ts.frameworks.angular.ts.Angular2Annotation: Error parsing JS fragment:{'expanded-view':(userService.organization_id != '000' && userService.sidebarOpen),'collapsed-view':(userService.organization_id != '000' && !userService.sidebarOpen)} in file: D:\Repos\Edcast Repo\Edcast Myguide Web Retest Repo\guideme-web-dev\new\src\app\Organizations\add\add-organisation\add-organisation.component.html
WARN 2022-08-09 12:40:42,566 - com.optimyth.qaking.ts.frameworks.angular.ts.Angular2Annotation: Error parsing JS fragment:{'expanded-view':(userService.organization_id != '000' && userService.sidebarOpen),'collapsed-view':(userService.organization_id != '000' && !userService.sidebarOpen)} in file: D:\Repos\Edcast Repo\Edcast Myguide Web Retest Repo\guideme-web-dev\new\src\app\Organizations\edit\create-organisation\create-organisation.component.html
WARN 2022-08-09 12:40:42,567 - com.optimyth.qaking.ts.frameworks.angular.ts.Angular2Annotation: Error parsing JS fragment:{'content-container toggle-view expanded-view': (userService.organization_id != '000')} in file: D:\Repos\Edcast Repo\Edcast Myguide Web Retest Repo\guideme-web-dev\new\src\app\Organizations\organisation\organisation.component.html
WARN 2022-08-09 12:40:42,567 - com.optimyth.qaking.ts.frameworks.angular.ts.Angular2Annotation: Error parsing JS fragment:{'border-primary': organisation['is_verified']=='1' && organisation['is_suspend']=='0', 'border-warning': (organisation['is_verified']=='1' || organisation['is_suspend']=='0') && !(organisation['is_verified']=='1' && organisation['is_suspend']=='0')} in file: D:\Repos\Edcast Repo\Edcast Myguide Web Retest Repo\guideme-web-dev\new\src\app\Organizations\organisation\organisation.component.html
WARN 2022-08-09 12:40:42,568 - com.optimyth.qaking.ts.frameworks.angular.ts.Angular2Annotation: Error parsing JS fragment:{'bg-primary': organisation['is_verified']=='1' && organisation['is_suspend']=='0', 'bg-warning': (organisation['is_verified']=='1' || organisation['is_suspend']=='0') && !(organisation['is_verified']=='1' && organisation['is_suspend']=='0')} in file: D:\Repos\Edcast Repo\Edcast Myguide Web Retest Repo\guideme-web-dev\new\src\app\Organizations\organisation\organisation.component.html
WARN 2022-08-09 12:40:42,568 - com.optimyth.qaking.ts.frameworks.angular.ts.Angular2Annotation: Error parsing JS fragment:{'active':page==currentPage} in file: D:\Repos\Edcast Repo\Edcast Myguide Web Retest Repo\guideme-web-dev\new\src\app\Organizations\organisation\organisation.component.html
WARN 2022-08-09 12:40:42,568 - com.optimyth.qaking.ts.frameworks.angular.ts.Angular2Annotation: Error parsing JS fragment:{'bg-primary': organisation['is_verified']=='1' && organisation['is_suspend']=='0', 'bg-warning': (organisation['is_verified']=='1' || organisation['is_suspend']=='0') && !(organisation['is_verified']=='1' && organisation['is_suspend']=='0')} in file: D:\Repos\Edcast Repo\Edcast Myguide Web Retest Repo\guideme-web-dev\new\src\app\Organizations\organisation\organisation.component.html
WARN 2022-08-09 12:40:42,569 - com.optimyth.qaking.ts.frameworks.angular.ts.Angular2Annotation: Error parsing JS fragment:{'expanded-view':(userService.organization_id != '000' && userService.sidebarOpen),'collapsed-view':(userService.organization_id != '000' && !userService.sidebarOpen)} in file: D:\Repos\Edcast Repo\Edcast Myguide Web Retest Repo\guideme-web-dev\new\src\app\Segments\segment-list\segment-list.component.html
WARN 2022-08-09 12:40:42,569 - com.optimyth.qaking.ts.frameworks.angular.ts.Angular2Annotation: Error parsing JS fragment:{'expanded-view':(userService.organization_id != '000' && userService.sidebarOpen),'collapsed-view':(userService.organization_id != '000' && !userService.sidebarOpen)} in file: D:\Repos\Edcast Repo\Edcast Myguide Web Retest Repo\guideme-web-dev\new\src\app\Segments\segment\segment.component.html
WARN 2022-08-09 12:40:42,570 - com.optimyth.qaking.ts.frameworks.angular.ts.Angular2Annotation: Error parsing JS fragment:{'active':page==paginationService.currentPage} in file: D:\Repos\Edcast Repo\Edcast Myguide Web Retest Repo\guideme-web-dev\new\src\app\sso\sso-list\sso-list.component.html
WARN 2022-08-09 12:40:42,570 - com.optimyth.qaking.ts.frameworks.angular.ts.Angular2Annotation: Error parsing JS fragment:{'active':page==paginationService.currentPage} in file: D:\Repos\Edcast Repo\Edcast Myguide Web Retest Repo\guideme-web-dev\new\src\app\sso\sso-list\sso-list.component.html
WARN 2022-08-09 12:40:42,570 - com.optimyth.qaking.ts.frameworks.angular.ts.Angular2Annotation: Error parsing JS fragment:{'expanded-view':(userService.organization_id != '000' && userService.sidebarOpen),'collapsed-view':(userService.organization_id != '000' && !userService.sidebarOpen)} in file: D:\Repos\Edcast Repo\Edcast Myguide Web Retest Repo\guideme-web-dev\new\src\app\sso\sso-list\sso-list.component.html
WARN 2022-08-09 12:40:42,571 - com.optimyth.qaking.ts.frameworks.angular.ts.Angular2Annotation: Error parsing JS fragment:SSO_API_BASE_URL}}/saml2/sp/download_metadata/{{sso_config['id'] in file: D:\Repos\Edcast Repo\Edcast Myguide Web Retest Repo\guideme-web-dev\new\src\app\sso\sso\sso.component.html
WARN 2022-08-09 12:40:42,572 - com.optimyth.qaking.ts.frameworks.angular.ts.Angular2Annotation: Error parsing JS fragment:val}}{{j in file: D:\Repos\Edcast Repo\Edcast Myguide Web Retest Repo\guideme-web-dev\new\src\app\sso\sso\sso.component.html
WARN 2022-08-09 12:40:42,572 - com.optimyth.qaking.ts.frameworks.angular.ts.Angular2Annotation: Error parsing JS fragment:val}}{{j in file: D:\Repos\Edcast Repo\Edcast Myguide Web Retest Repo\guideme-web-dev\new\src\app\sso\sso\sso.component.html
WARN 2022-08-09 12:40:42,572 - com.optimyth.qaking.ts.frameworks.angular.ts.Angular2Annotation: Error parsing JS fragment:{'expanded-view':(userService.organization_id != '000' && userService.sidebarOpen),'collapsed-view':(userService.organization_id != '000' && !userService.sidebarOpen)} in file: D:\Repos\Edcast Repo\Edcast Myguide Web Retest Repo\guideme-web-dev\new\src\app\sso\sso\sso.component.html
WARN 2022-08-09 12:40:42,575 - com.optimyth.qaking.ts.frameworks.angular.ts.Angular2Annotation: Error parsing JS fragment:{'active':page==paginationService.currentPage} in file: D:\Repos\Edcast Repo\Edcast Myguide Web Retest Repo\guideme-web-dev\new\src\app\Tasks\tasks\tasks.component.html
WARN 2022-08-09 12:40:42,575 - com.optimyth.qaking.ts.frameworks.angular.ts.Angular2Annotation: Error parsing JS fragment:{'active':page==paginationService.currentPage} in file: D:\Repos\Edcast Repo\Edcast Myguide Web Retest Repo\guideme-web-dev\new\src\app\Tasks\tasks\tasks.component.html
WARN 2022-08-09 12:40:42,575 - com.optimyth.qaking.ts.frameworks.angular.ts.Angular2Annotation: Error parsing JS fragment:{'expanded-view':(userService.organization_id != '000' && userService.sidebarOpen),'collapsed-view':(userService.organization_id != '000' && !userService.sidebarOpen)} in file: D:\Repos\Edcast Repo\Edcast Myguide Web Retest Repo\guideme-web-dev\new\src\app\Tasks\tasks\tasks.component.html
WARN 2022-08-09 12:40:42,576 - com.optimyth.qaking.ts.frameworks.angular.ts.Angular2Annotation: Error parsing JS fragment:{'active':page==modalPaginationService.currentPage} in file: D:\Repos\Edcast Repo\Edcast Myguide Web Retest Repo\guideme-web-dev\new\src\app\Tasks\tasks\tasks.component.html
WARN 2022-08-09 12:40:42,577 - com.optimyth.qaking.ts.frameworks.angular.ts.Angular2Annotation: Error parsing JS fragment:theme.hasOwnProperty('first_page'); then showFirstPageImg_footer; else defaultImg_footer in file: D:\Repos\Edcast Repo\Edcast Myguide Web Retest Repo\guideme-web-dev\new\src\app\themes\theme-view\theme-first-page\theme-first-page.component.html
WARN 2022-08-09 12:40:42,577 - com.optimyth.qaking.ts.frameworks.angular.ts.Angular2Annotation: Error parsing JS fragment:theme.hasOwnProperty('first_page'); then showFirstPageImg; else defaultImg in file: D:\Repos\Edcast Repo\Edcast Myguide Web Retest Repo\guideme-web-dev\new\src\app\themes\theme-view\theme-first-page\theme-first-page.component.html
WARN 2022-08-09 12:40:42,577 - com.optimyth.qaking.ts.frameworks.angular.ts.Angular2Annotation: Error parsing JS fragment:theme.hasOwnProperty('first_page'); then showFirstPageImg; else defaultImg in file: D:\Repos\Edcast Repo\Edcast Myguide Web Retest Repo\guideme-web-dev\new\src\app\themes\theme-view\theme-first-page\theme-first-page.component.html
WARN 2022-08-09 12:40:42,578 - com.optimyth.qaking.ts.frameworks.angular.ts.Angular2Annotation: Error parsing JS fragment:theme.hasOwnProperty('first_page'); then showFirstPageImg_footer; else defaultImg_footer in file: D:\Repos\Edcast Repo\Edcast Myguide Web Retest Repo\guideme-web-dev\new\src\app\themes\theme-view\theme-first-page\theme-first-page.component.html
WARN 2022-08-09 12:40:42,580 - com.optimyth.qaking.ts.frameworks.angular.ts.Angular2Annotation: Error parsing JS fragment:theme.hasOwnProperty('last_page'); then load_img1; else load_img1 in file: D:\Repos\Edcast Repo\Edcast Myguide Web Retest Repo\guideme-web-dev\new\src\app\themes\theme-view\theme-last-page\theme-last-page.component.html
WARN 2022-08-09 12:40:42,580 - com.optimyth.qaking.ts.frameworks.angular.ts.Angular2Annotation: Error parsing JS fragment:theme.hasOwnProperty('last_page'); then load_img1; else load_img1 in file: D:\Repos\Edcast Repo\Edcast Myguide Web Retest Repo\guideme-web-dev\new\src\app\themes\theme-view\theme-last-page\theme-last-page.component.html
WARN 2022-08-09 12:40:42,581 - com.optimyth.qaking.ts.frameworks.angular.ts.Angular2Annotation: Error parsing JS fragment:theme.hasOwnProperty('last_page'); then load_img2; else default_img2 in file: D:\Repos\Edcast Repo\Edcast Myguide Web Retest Repo\guideme-web-dev\new\src\app\themes\theme-view\theme-last-page\theme-last-page.component.html
WARN 2022-08-09 12:40:42,581 - com.optimyth.qaking.ts.frameworks.angular.ts.Angular2Annotation: Error parsing JS fragment:theme.hasOwnProperty('last_page'); then load_img2; else default_img2 in file: D:\Repos\Edcast Repo\Edcast Myguide Web Retest Repo\guideme-web-dev\new\src\app\themes\theme-view\theme-last-page\theme-last-page.component.html
WARN 2022-08-09 12:40:42,582 - com.optimyth.qaking.ts.frameworks.angular.ts.Angular2Annotation: Error parsing JS fragment:{'font-grey':theme.theme_id == 'theme-5'} in file: D:\Repos\Edcast Repo\Edcast Myguide Web Retest Repo\guideme-web-dev\new\src\app\themes\theme-view\theme-last-page\theme-last-page.component.html
WARN 2022-08-09 12:40:42,582 - com.optimyth.qaking.ts.frameworks.angular.ts.Angular2Annotation: Error parsing JS fragment:theme.hasOwnProperty('middle_page'); then middle_load_img1; else middle_default_img1 in file: D:\Repos\Edcast Repo\Edcast Myguide Web Retest Repo\guideme-web-dev\new\src\app\themes\theme-view\theme-middle-page\theme-middle-page.component.html
WARN 2022-08-09 12:40:42,582 - com.optimyth.qaking.ts.frameworks.angular.ts.Angular2Annotation: Error parsing JS fragment:theme.hasOwnProperty('middle_page'); then middle_load_img1; else middle_default_img1 in file: D:\Repos\Edcast Repo\Edcast Myguide Web Retest Repo\guideme-web-dev\new\src\app\themes\theme-view\theme-middle-page\theme-middle-page.component.html
WARN 2022-08-09 12:40:42,583 - com.optimyth.qaking.ts.frameworks.angular.ts.Angular2Annotation: Error parsing JS fragment:{'expanded-view':(org_id && userService.sidebarOpen),'collapsed-view':(org_id && !userService.sidebarOpen)} in file: D:\Repos\Edcast Repo\Edcast Myguide Web Retest Repo\guideme-web-dev\new\src\app\themes\theme-view\theme-view.component.html
WARN 2022-08-09 12:40:42,583 - com.optimyth.qaking.ts.frameworks.angular.ts.Angular2Annotation: Error parsing JS fragment:{'expanded-view':(userService.organization_id != '000' && userService.sidebarOpen),'collapsed-view':(userService.organization_id != '000' && !userService.sidebarOpen)} in file: D:\Repos\Edcast Repo\Edcast Myguide Web Retest Repo\guideme-web-dev\new\src\app\themes\themes.component.html
WARN 2022-08-09 12:40:42,583 - com.optimyth.qaking.ts.frameworks.angular.ts.Angular2Annotation: Error parsing JS fragment:{'expanded-view':(userService.organization_id != '000' && userService.sidebarOpen),'collapsed-view':(userService.organization_id != '000' && !userService.sidebarOpen)} in file: D:\Repos\Edcast Repo\Edcast Myguide Web Retest Repo\guideme-web-dev\new\src\app\user-provisioning\user-provisioning.component.html
WARN 2022-08-09 12:40:42,583 - com.optimyth.qaking.ts.frameworks.angular.ts.Angular2Annotation: Error parsing JS fragment:{'expanded-view':(userService.organization_id != '000' && userService.sidebarOpen),'collapsed-view':(userService.organization_id != '000' && !userService.sidebarOpen)} in file: D:\Repos\Edcast Repo\Edcast Myguide Web Retest Repo\guideme-web-dev\new\src\app\Users\add_edit\create-user\create-user.component.html
WARN 2022-08-09 12:40:42,584 - com.optimyth.qaking.ts.frameworks.angular.ts.Angular2Annotation: Error parsing JS fragment:{'expanded-view':(userService.organization_id != '000' && userService.sidebarOpen),'collapsed-view':(userService.organization_id != '000' && !userService.sidebarOpen)} in file: D:\Repos\Edcast Repo\Edcast Myguide Web Retest Repo\guideme-web-dev\new\src\app\Users\import\import-user\import-user.component.html
WARN 2022-08-09 12:40:42,584 - com.optimyth.qaking.ts.frameworks.angular.ts.Angular2Annotation: Error parsing JS fragment:{'active':page==currentPage} in file: D:\Repos\Edcast Repo\Edcast Myguide Web Retest Repo\guideme-web-dev\new\src\app\Users\import\import-user\import-user.component.html
WARN 2022-08-09 12:40:42,585 - com.optimyth.qaking.ts.frameworks.angular.ts.Angular2Annotation: Error parsing JS fragment:{'active':page==paginationService.currentPage} in file: D:\Repos\Edcast Repo\Edcast Myguide Web Retest Repo\guideme-web-dev\new\src\app\Users\list\users\users.component.html
WARN 2022-08-09 12:40:42,585 - com.optimyth.qaking.ts.frameworks.angular.ts.Angular2Annotation: Error parsing JS fragment:{'active':page==paginationService.currentPage} in file: D:\Repos\Edcast Repo\Edcast Myguide Web Retest Repo\guideme-web-dev\new\src\app\Users\list\users\users.component.html
WARN 2022-08-09 12:40:42,586 - com.optimyth.qaking.ts.frameworks.angular.ts.Angular2Annotation: Error parsing JS fragment:{'expanded-view':(userService.organization_id != '000' && userService.sidebarOpen),'collapsed-view':(userService.organization_id != '000' && !userService.sidebarOpen)} in file: D:\Repos\Edcast Repo\Edcast Myguide Web Retest Repo\guideme-web-dev\new\src\app\Users\list\users\users.component.html
WARN 2022-08-09 12:40:42,936 - com.optimyth.qaking.js.tainting.CachedClassResolver: Cannot parse file: D:\Repos\Edcast Repo\Edcast Myguide Web Retest Repo\guideme-web-dev\new\src\app\common\services\application.service.ts
WARN 2022-08-09 12:40:42,974 - com.optimyth.qaking.js.tainting.CachedClassResolver: Cannot parse file: D:\Repos\Edcast Repo\Edcast Myguide Web Retest Repo\guideme-web-dev\new\src\app\common\services\application.service.ts
WARN 2022-08-09 12:40:47,018 - com.als.core.main.SingleTechnologyStaticAnalyzer: ***************************************************
WARN 2022-08-09 12:40:47,018 - com.als.core.main.SingleTechnologyStaticAnalyzer: File: D:\Repos\Edcast Repo\Edcast Myguide Web Retest Repo\guideme-web-dev\new\src\app\common\services\application.service.ts
WARN 2022-08-09 12:40:47,025 - com.als.core.main.SingleTechnologyStaticAnalyzer: Technology: javascript
WARN 2022-08-09 12:40:47,025 - com.als.core.main.SingleTechnologyStaticAnalyzer: Message: Cannot parse D:\Repos\Edcast Repo\Edcast Myguide Web Retest Repo\guideme-web-dev\new\src\app\common\services\application.service.ts, due to: java.lang.IllegalStateException: FAILED ASSERTION: ts.cursor=1905, ts.tokenBeg=1902, currentToken=96
WARN 2022-08-09 12:40:47,027 - com.als.core.main.SingleTechnologyStaticAnalyzer: Stack:
WARN 2022-08-09 12:40:47,027 - com.als.core.main.SingleTechnologyStaticAnalyzer: com.als.core.parser.ParseException: Cannot parse D:\Repos\Edcast Repo\Edcast Myguide Web Retest Repo\guideme-web-dev\new\src\app\common\services\application.service.ts, due to: java.lang.IllegalStateException: FAILED ASSERTION: ts.cursor=1905, ts.tokenBeg=1902, currentToken=96
	at com.als.core.parser.AbstractReaderParser.wrapException(AbstractReaderParser.java:98)
	at com.als.core.parser.AbstractReaderParser.throwParseException(AbstractReaderParser.java:93)
	at com.optimyth.qaking.js.ast.MozillaParser.parse(MozillaParser.java:79)
	at com.optimyth.qaking.js.ast.MozillaParser.parse(MozillaParser.java:69)
	at com.optimyth.qaking.js.ast.MozillaParser.parse(MozillaParser.java:13)
	at com.als.core.parser.multiparser.ArrangementBasedMultiParser$2.parse(ArrangementBasedMultiParser.java:60)
	at com.als.core.parser.multiparser.ArrangementBasedMultiParser.k26(ArrangementBasedMultiParser.java:111)
	at com.als.core.parser.multiparser.ArrangementBasedMultiParser.parse(ArrangementBasedMultiParser.java:58)
	at com.als.core.language.LanguageSupport.parseAndValidate(LanguageSupport.java:304)
...

WARN 2022-08-09 12:40:47,027 - com.als.core.main.SingleTechnologyStaticAnalyzer: ***************************************************
INFO 2022-08-09 12:40:47,643 - com.optimyth.qaking.codeanalysis.redos.RegexNfaAnalyzer$AnalysisRunner: Error analyzing regular expression: ^((?!-)[A-Za-z0-9-]{1,63}(?!-)[\\.])+[A-Za-z0-9]{2,6}$
java.lang.UnsupportedOperationException: Negative Look ahead symbols not supported
	at regexcompiler.ParseTreeToNFAConverter.dfsBuild(ParseTreeToNFAConverter.java:145)
	at regexcompiler.ParseTreeToNFAConverter.dfsBuild(ParseTreeToNFAConverter.java:113)
	at regexcompiler.ParseTreeToNFAConverter.dfsBuild(ParseTreeToNFAConverter.java:113)
	at regexcompiler.ParseTreeToNFAConverter.dfsBuild(ParseTreeToNFAConverter.java:113)
	at regexcompiler.ParseTreeToNFAConverter.dfsBuild(ParseTreeToNFAConverter.java:140)
	at regexcompiler.ParseTreeToNFAConverter.dfsBuild(ParseTreeToNFAConverter.java:84)
	at regexcompiler.ParseTreeToNFAConverter.dfsBuild(ParseTreeToNFAConverter.java:113)
	at regexcompiler.ParseTreeToNFAConverter.convertParseTree(ParseTreeToNFAConverter.java:58)
	at regexcompiler.MyPattern.toNFAGraph(MyPattern.java:99)
	at com.optimyth.qaking.codeanalysis.redos.RegexNfaAnalyzer$AnalysisRunner.run(RegexNfaAnalyzer.java:225)
	at java.util.concurrent.Executors$RunnableAdapter.call(Unknown Source)
	at java.util.concurrent.FutureTask.run(Unknown Source)
	at java.util.concurrent.ThreadPoolExecutor.runWorker(Unknown Source)
	at java.util.concurrent.ThreadPoolExecutor$Worker.run(Unknown Source)
	at java.lang.Thread.run(Unknown Source)
INFO 2022-08-09 12:40:48,826 - com.optimyth.qaking.codeanalysis.redos.RegexNfaAnalyzer$AnalysisRunner: Error analyzing regular expression: [\u0000-\u0008\u000B-\u000C\u000E-\u001F\uFFFE-\uFFFF]
java.util.regex.PatternSyntaxException: Illegal hexadecimal escape sequence near index 8
[\u0000-\u0008\u000B-\u000C\u000E-\u001F\uFFFE-\uFFFF]
        ^
	at nfa.transitionlabel.TransitionLabelParserRecursive.parseEscapedUnicodeCharacter(TransitionLabelParserRecursive.java:307)
	at nfa.transitionlabel.TransitionLabelParserRecursive.parsePredefinedCharacterClass(TransitionLabelParserRecursive.java:152)
	at nfa.transitionlabel.TransitionLabelParserRecursive.parseCharacterClassFactor(TransitionLabelParserRecursive.java:467)
	at nfa.transitionlabel.TransitionLabelParserRecursive.parseCharacterClass(TransitionLabelParserRecursive.java:397)
	at nfa.transitionlabel.TransitionLabelParserRecursive.parseTransitionLabel(TransitionLabelParserRecursive.java:67)
	at regexcompiler.JavaParseTreeToNFAConverter.createBaseCaseSymbol(JavaParseTreeToNFAConverter.java:69)
	at regexcompiler.ParseTreeToNFAConverter.dfsBuild(ParseTreeToNFAConverter.java:127)
	at regexcompiler.ParseTreeToNFAConverter.convertParseTree(ParseTreeToNFAConverter.java:58)
	at regexcompiler.MyPattern.toNFAGraph(MyPattern.java:99)
	at com.optimyth.qaking.codeanalysis.redos.RegexNfaAnalyzer$AnalysisRunner.run(RegexNfaAnalyzer.java:225)
	at java.util.concurrent.Executors$RunnableAdapter.call(Unknown Source)
	at java.util.concurrent.FutureTask.run(Unknown Source)
	at java.util.concurrent.ThreadPoolExecutor.runWorker(Unknown Source)
	at java.util.concurrent.ThreadPoolExecutor$Worker.run(Unknown Source)
	at java.lang.Thread.run(Unknown Source)
INFO 2022-08-09 12:40:49,465 - com.optimyth.qaking.codeanalysis.redos.RegexNfaAnalyzer$AnalysisRunner: Error analyzing regular expression: ^\s*([^;\s]*)(?:;|\s|$)
regexcompiler.UnimplementedFunctionalityException: Anchor at invalid position: $ at 21
	at regexcompiler.MyPattern$Parser.parseTerm(MyPattern.java:610)
	at regexcompiler.MyPattern$Parser.parseRegex(MyPattern.java:569)
	at regexcompiler.MyPattern$Parser.parse(MyPattern.java:546)
	at regexcompiler.MyPattern$Parser.parseFactor(MyPattern.java:660)
	at regexcompiler.MyPattern$Parser.parseTerm(MyPattern.java:615)
	at regexcompiler.MyPattern$Parser.parseRegex(MyPattern.java:564)
	at regexcompiler.MyPattern$Parser.parse(MyPattern.java:546)
	at regexcompiler.MyPattern.toNFAGraph(MyPattern.java:86)
	at com.optimyth.qaking.codeanalysis.redos.RegexNfaAnalyzer$AnalysisRunner.run(RegexNfaAnalyzer.java:225)
	at java.util.concurrent.Executors$RunnableAdapter.call(Unknown Source)
	at java.util.concurrent.FutureTask.run(Unknown Source)
	at java.util.concurrent.ThreadPoolExecutor.runWorker(Unknown Source)
	at java.util.concurrent.ThreadPoolExecutor$Worker.run(Unknown Source)
	at java.lang.Thread.run(Unknown Source)
INFO 2022-08-09 12:40:49,480 - com.optimyth.qaking.codeanalysis.redos.RegexNfaAnalyzer$AnalysisRunner: Error analyzing regular expression: [\x2E\u3002\uFF0E\uFF61]
java.util.regex.PatternSyntaxException: Illegal hexadecimal escape sequence near index 12
[\x2E\u3002\uFF0E\uFF61]
            ^
	at nfa.transitionlabel.TransitionLabelParserRecursive.parseEscapedUnicodeCharacter(TransitionLabelParserRecursive.java:307)
	at nfa.transitionlabel.TransitionLabelParserRecursive.parsePredefinedCharacterClass(TransitionLabelParserRecursive.java:152)
	at nfa.transitionlabel.TransitionLabelParserRecursive.parseCharacterRange(TransitionLabelParserRecursive.java:576)
	at nfa.transitionlabel.TransitionLabelParserRecursive.parsePredefinedCharacterClass(TransitionLabelParserRecursive.java:158)
	at nfa.transitionlabel.TransitionLabelParserRecursive.parseCharacterClassFactor(TransitionLabelParserRecursive.java:467)
	at nfa.transitionlabel.TransitionLabelParserRecursive.parseCharacterClass(TransitionLabelParserRecursive.java:397)
	at nfa.transitionlabel.TransitionLabelParserRecursive.parseTransitionLabel(TransitionLabelParserRecursive.java:67)
	at regexcompiler.JavaParseTreeToNFAConverter.createBaseCaseSymbol(JavaParseTreeToNFAConverter.java:69)
	at regexcompiler.ParseTreeToNFAConverter.dfsBuild(ParseTreeToNFAConverter.java:127)
	at regexcompiler.ParseTreeToNFAConverter.convertParseTree(ParseTreeToNFAConverter.java:58)
	at regexcompiler.MyPattern.toNFAGraph(MyPattern.java:99)
	at com.optimyth.qaking.codeanalysis.redos.RegexNfaAnalyzer$AnalysisRunner.run(RegexNfaAnalyzer.java:225)
	at java.util.concurrent.Executors$RunnableAdapter.call(Unknown Source)
	at java.util.concurrent.FutureTask.run(Unknown Source)
	at java.util.concurrent.ThreadPoolExecutor.runWorker(Unknown Source)
	at java.util.concurrent.ThreadPoolExecutor$Worker.run(Unknown Source)
	at java.lang.Thread.run(Unknown Source)
INFO 2022-08-09 12:40:49,492 - com.optimyth.qaking.codeanalysis.redos.RegexNfaAnalyzer$AnalysisRunner: Error analyzing regular expression: [:_A-Za-z\u00C0-\u00D6\u00D8-\u00F6\u00F8-\u02FF\u0370-\u037D\u037F-\u1FFF\u200C-\u200D\u2070-\u218F\u2C00-\u2FEF\u3001-\uD7FF\uF900-\uFDCF\uFDF0-\uFFFD]
java.util.regex.PatternSyntaxException: Illegal hexadecimal escape sequence near index 16
[:_A-Za-z\u00C0-\u00D6\u00D8-\u00F6\u00F8-\u02FF\u0370-\u037D\u037F-\u1FFF\u200C-\u200D\u2070-\u218F\u2C00-\u2FEF\u3001-\uD7FF\uF900-\uFDCF\uFDF0-\uFFFD]
                ^
	at nfa.transitionlabel.TransitionLabelParserRecursive.parseEscapedUnicodeCharacter(TransitionLabelParserRecursive.java:307)
	at nfa.transitionlabel.TransitionLabelParserRecursive.parsePredefinedCharacterClass(TransitionLabelParserRecursive.java:152)
	at nfa.transitionlabel.TransitionLabelParserRecursive.parseCharacterClassFactor(TransitionLabelParserRecursive.java:467)
	at nfa.transitionlabel.TransitionLabelParserRecursive.parseCharacterClass(TransitionLabelParserRecursive.java:397)
	at nfa.transitionlabel.TransitionLabelParserRecursive.parseTransitionLabel(TransitionLabelParserRecursive.java:67)
	at regexcompiler.JavaParseTreeToNFAConverter.createBaseCaseSymbol(JavaParseTreeToNFAConverter.java:69)
	at regexcompiler.ParseTreeToNFAConverter.dfsBuild(ParseTreeToNFAConverter.java:127)
	at regexcompiler.ParseTreeToNFAConverter.convertParseTree(ParseTreeToNFAConverter.java:58)
	at regexcompiler.MyPattern.toNFAGraph(MyPattern.java:99)
	at com.optimyth.qaking.codeanalysis.redos.RegexNfaAnalyzer$AnalysisRunner.run(RegexNfaAnalyzer.java:225)
	at java.util.concurrent.Executors$RunnableAdapter.call(Unknown Source)
	at java.util.concurrent.FutureTask.run(Unknown Source)
	at java.util.concurrent.ThreadPoolExecutor.runWorker(Unknown Source)
	at java.util.concurrent.ThreadPoolExecutor$Worker.run(Unknown Source)
	at java.lang.Thread.run(Unknown Source)
INFO 2022-08-09 12:40:49,494 - com.optimyth.qaking.codeanalysis.redos.RegexNfaAnalyzer$AnalysisRunner: Error analyzing regular expression: [:_A-Za-z\u00C0-\u00D6\u00D8-\u00F6\u00F8-\u02FF\u0370-\u037D\u037F-\u1FFF\u200C-\u200D\u2070-\u218F\u2C00-\u2FEF\u3001-\uD7FF\uF900-\uFDCF\uFDF0-\uFFFD\u00B7\u0300-\u036F\u203F-\u2040\.\d-]
java.util.regex.PatternSyntaxException: Illegal hexadecimal escape sequence near index 16
[:_A-Za-z\u00C0-\u00D6\u00D8-\u00F6\u00F8-\u02FF\u0370-\u037D\u037F-\u1FFF\u200C-\u200D\u2070-\u218F\u2C00-\u2FEF\u3001-\uD7FF\uF900-\uFDCF\uFDF0-\uFFFD\u00B7\u0300-\u036F\u203F-\u2040\.\d-]
                ^
	at nfa.transitionlabel.TransitionLabelParserRecursive.parseEscapedUnicodeCharacter(TransitionLabelParserRecursive.java:307)
	at nfa.transitionlabel.TransitionLabelParserRecursive.parsePredefinedCharacterClass(TransitionLabelParserRecursive.java:152)
	at nfa.transitionlabel.TransitionLabelParserRecursive.parseCharacterClassFactor(TransitionLabelParserRecursive.java:467)
	at nfa.transitionlabel.TransitionLabelParserRecursive.parseCharacterClass(TransitionLabelParserRecursive.java:397)
	at nfa.transitionlabel.TransitionLabelParserRecursive.parseTransitionLabel(TransitionLabelParserRecursive.java:67)
	at regexcompiler.JavaParseTreeToNFAConverter.createBaseCaseSymbol(JavaParseTreeToNFAConverter.java:69)
	at regexcompiler.ParseTreeToNFAConverter.dfsBuild(ParseTreeToNFAConverter.java:127)
	at regexcompiler.ParseTreeToNFAConverter.convertParseTree(ParseTreeToNFAConverter.java:58)
	at regexcompiler.MyPattern.toNFAGraph(MyPattern.java:99)
	at com.optimyth.qaking.codeanalysis.redos.RegexNfaAnalyzer$AnalysisRunner.run(RegexNfaAnalyzer.java:225)
	at java.util.concurrent.Executors$RunnableAdapter.call(Unknown Source)
	at java.util.concurrent.FutureTask.run(Unknown Source)
	at java.util.concurrent.ThreadPoolExecutor.runWorker(Unknown Source)
	at java.util.concurrent.ThreadPoolExecutor$Worker.run(Unknown Source)
	at java.lang.Thread.run(Unknown Source)
INFO 2022-08-09 12:40:49,530 - com.optimyth.qaking.codeanalysis.redos.RegexNfaAnalyzer$AnalysisRunner: Error analyzing regular expression: ;\s*charset=([^;])(;|$)
regexcompiler.UnimplementedFunctionalityException: Anchor at invalid position: $ at 21
	at regexcompiler.MyPattern$Parser.parseTerm(MyPattern.java:610)
	at regexcompiler.MyPattern$Parser.parseRegex(MyPattern.java:569)
	at regexcompiler.MyPattern$Parser.parse(MyPattern.java:546)
	at regexcompiler.MyPattern$Parser.parseFactor(MyPattern.java:669)
	at regexcompiler.MyPattern$Parser.parseTerm(MyPattern.java:615)
	at regexcompiler.MyPattern$Parser.parseRegex(MyPattern.java:564)
	at regexcompiler.MyPattern$Parser.parse(MyPattern.java:546)
	at regexcompiler.MyPattern.toNFAGraph(MyPattern.java:86)
	at com.optimyth.qaking.codeanalysis.redos.RegexNfaAnalyzer$AnalysisRunner.run(RegexNfaAnalyzer.java:225)
	at java.util.concurrent.Executors$RunnableAdapter.call(Unknown Source)
	at java.util.concurrent.FutureTask.run(Unknown Source)
	at java.util.concurrent.ThreadPoolExecutor.runWorker(Unknown Source)
	at java.util.concurrent.ThreadPoolExecutor$Worker.run(Unknown Source)
	at java.lang.Thread.run(Unknown Source)
INFO 2022-08-09 12:40:49,555 - com.optimyth.qaking.codeanalysis.redos.RegexNfaAnalyzer$AnalysisRunner: Error analyzing regular expression: (.)^
regexcompiler.UnimplementedFunctionalityException: Anchor at invalid position: ^ at 3
	at regexcompiler.MyPattern$Parser.parseRegex(MyPattern.java:583)
	at regexcompiler.MyPattern$Parser.parse(MyPattern.java:546)
	at regexcompiler.MyPattern.toNFAGraph(MyPattern.java:86)
	at com.optimyth.qaking.codeanalysis.redos.RegexNfaAnalyzer$AnalysisRunner.run(RegexNfaAnalyzer.java:225)
	at java.util.concurrent.Executors$RunnableAdapter.call(Unknown Source)
	at java.util.concurrent.FutureTask.run(Unknown Source)
	at java.util.concurrent.ThreadPoolExecutor.runWorker(Unknown Source)
	at java.util.concurrent.ThreadPoolExecutor$Worker.run(Unknown Source)
	at java.lang.Thread.run(Unknown Source)
INFO 2022-08-09 12:40:49,557 - com.optimyth.qaking.codeanalysis.redos.RegexNfaAnalyzer$AnalysisRunner: Error analyzing regular expression: \\|'|\r|\n|\u2028|\u2029
java.util.regex.PatternSyntaxException: Hexadecimal codepoint is too big near index 6
\u2028
	at nfa.transitionlabel.TransitionLabelParserRecursive.parseEscapedUnicodeCharacter(TransitionLabelParserRecursive.java:303)
	at nfa.transitionlabel.TransitionLabelParserRecursive.parsePredefinedCharacterClass(TransitionLabelParserRecursive.java:152)
	at nfa.transitionlabel.TransitionLabelParserRecursive.parseTransitionLabel(TransitionLabelParserRecursive.java:81)
	at regexcompiler.JavaParseTreeToNFAConverter.createBaseCaseSymbol(JavaParseTreeToNFAConverter.java:69)
	at regexcompiler.ParseTreeToNFAConverter.dfsBuild(ParseTreeToNFAConverter.java:132)
	at regexcompiler.ParseTreeToNFAConverter.dfsBuild(ParseTreeToNFAConverter.java:106)
	at regexcompiler.ParseTreeToNFAConverter.dfsBuild(ParseTreeToNFAConverter.java:105)
	at regexcompiler.ParseTreeToNFAConverter.convertParseTree(ParseTreeToNFAConverter.java:58)
	at regexcompiler.MyPattern.toNFAGraph(MyPattern.java:99)
	at com.optimyth.qaking.codeanalysis.redos.RegexNfaAnalyzer$AnalysisRunner.run(RegexNfaAnalyzer.java:225)
	at java.util.concurrent.Executors$RunnableAdapter.call(Unknown Source)
	at java.util.concurrent.FutureTask.run(Unknown Source)
	at java.util.concurrent.ThreadPoolExecutor.runWorker(Unknown Source)
	at java.util.concurrent.ThreadPoolExecutor$Worker.run(Unknown Source)
	at java.lang.Thread.run(Unknown Source)
INFO 2022-08-09 12:40:49,565 - com.optimyth.qaking.codeanalysis.redos.RegexNfaAnalyzer$AnalysisRunner: Error analyzing regular expression: ^(\/\/?(?!\/)[^\?\s]*)(\?[^\s]*)?$
java.lang.UnsupportedOperationException: Negative Look ahead symbols not supported
	at regexcompiler.ParseTreeToNFAConverter.dfsBuild(ParseTreeToNFAConverter.java:145)
	at regexcompiler.ParseTreeToNFAConverter.dfsBuild(ParseTreeToNFAConverter.java:114)
	at regexcompiler.ParseTreeToNFAConverter.dfsBuild(ParseTreeToNFAConverter.java:113)
	at regexcompiler.ParseTreeToNFAConverter.dfsBuild(ParseTreeToNFAConverter.java:140)
	at regexcompiler.ParseTreeToNFAConverter.dfsBuild(ParseTreeToNFAConverter.java:113)
	at regexcompiler.ParseTreeToNFAConverter.convertParseTree(ParseTreeToNFAConverter.java:58)
	at regexcompiler.MyPattern.toNFAGraph(MyPattern.java:99)
	at com.optimyth.qaking.codeanalysis.redos.RegexNfaAnalyzer$AnalysisRunner.run(RegexNfaAnalyzer.java:225)
	at java.util.concurrent.Executors$RunnableAdapter.call(Unknown Source)
	at java.util.concurrent.FutureTask.run(Unknown Source)
	at java.util.concurrent.ThreadPoolExecutor.runWorker(Unknown Source)
	at java.util.concurrent.ThreadPoolExecutor$Worker.run(Unknown Source)
	at java.lang.Thread.run(Unknown Source)
INFO 2022-08-09 12:40:54,740 - com.optimyth.qaking.codeanalysis.redos.RegexNfaAnalyzer$AnalysisRunner: Error analyzing regular expression: (^"|"$)
regexcompiler.UnimplementedFunctionalityException: Anchor at invalid position: ^ at 1
	at regexcompiler.MyPattern$Parser.parseRegex(MyPattern.java:561)
	at regexcompiler.MyPattern$Parser.parse(MyPattern.java:546)
	at regexcompiler.MyPattern$Parser.parseFactor(MyPattern.java:669)
	at regexcompiler.MyPattern$Parser.parseTerm(MyPattern.java:598)
	at regexcompiler.MyPattern$Parser.parseRegex(MyPattern.java:564)
	at regexcompiler.MyPattern$Parser.parse(MyPattern.java:546)
	at regexcompiler.MyPattern.toNFAGraph(MyPattern.java:86)
	at com.optimyth.qaking.codeanalysis.redos.RegexNfaAnalyzer$AnalysisRunner.run(RegexNfaAnalyzer.java:225)
	at java.util.concurrent.Executors$RunnableAdapter.call(Unknown Source)
	at java.util.concurrent.FutureTask.run(Unknown Source)
	at java.util.concurrent.ThreadPoolExecutor.runWorker(Unknown Source)
	at java.util.concurrent.ThreadPoolExecutor$Worker.run(Unknown Source)
	at java.lang.Thread.run(Unknown Source)
INFO 2022-08-09 12:40:56,056 - com.optimyth.qaking.codeanalysis.redos.RegexNfaAnalyzer$AnalysisRunner: Error analyzing regular expression: ^[a-z\d!#\$%&'\*\+\-\/=\?\^_`{\|}~\.\u00A0-\uD7FF\uF900-\uFDCF\uFDF0-\uFFEF]+[a-z\d!#\$%&'\*\+\-\/=\?\^_`{\|}~\,\.\u00A0-\uD7FF\uF900-\uFDCF\uFDF0-\uFFEF\s]*<(.+)>$
java.util.regex.PatternSyntaxException: Illegal hexadecimal escape sequence near index 42
[a-z\d!#\$%&'\*\+\-\/=\?\^_`{\|}~\.\u00A0-\uD7FF\uF900-\uFDCF\uFDF0-\uFFEF]
                                          ^
	at nfa.transitionlabel.TransitionLabelParserRecursive.parseEscapedUnicodeCharacter(TransitionLabelParserRecursive.java:307)
	at nfa.transitionlabel.TransitionLabelParserRecursive.parsePredefinedCharacterClass(TransitionLabelParserRecursive.java:152)
	at nfa.transitionlabel.TransitionLabelParserRecursive.parseCharacterRange(TransitionLabelParserRecursive.java:576)
	at nfa.transitionlabel.TransitionLabelParserRecursive.parsePredefinedCharacterClass(TransitionLabelParserRecursive.java:213)
	at nfa.transitionlabel.TransitionLabelParserRecursive.parseCharacterRange(TransitionLabelParserRecursive.java:576)
	at nfa.transitionlabel.TransitionLabelParserRecursive.parseCharacterClassFactor(TransitionLabelParserRecursive.java:473)
	at nfa.transitionlabel.TransitionLabelParserRecursive.parseCharacterClass(TransitionLabelParserRecursive.java:397)
	at nfa.transitionlabel.TransitionLabelParserRecursive.parseTransitionLabel(TransitionLabelParserRecursive.java:67)
	at regexcompiler.JavaParseTreeToNFAConverter.createBaseCaseSymbol(JavaParseTreeToNFAConverter.java:69)
	at regexcompiler.ParseTreeToNFAConverter.dfsBuild(ParseTreeToNFAConverter.java:127)
	at regexcompiler.ParseTreeToNFAConverter.dfsBuild(ParseTreeToNFAConverter.java:84)
	at regexcompiler.ParseTreeToNFAConverter.dfsBuild(ParseTreeToNFAConverter.java:113)
	at regexcompiler.ParseTreeToNFAConverter.dfsBuild(ParseTreeToNFAConverter.java:113)
	at regexcompiler.ParseTreeToNFAConverter.dfsBuild(ParseTreeToNFAConverter.java:113)
	at regexcompiler.ParseTreeToNFAConverter.dfsBuild(ParseTreeToNFAConverter.java:113)
	at regexcompiler.ParseTreeToNFAConverter.convertParseTree(ParseTreeToNFAConverter.java:58)
	at regexcompiler.MyPattern.toNFAGraph(MyPattern.java:99)
	at com.optimyth.qaking.codeanalysis.redos.RegexNfaAnalyzer$AnalysisRunner.run(RegexNfaAnalyzer.java:225)
	at java.util.concurrent.Executors$RunnableAdapter.call(Unknown Source)
	at java.util.concurrent.FutureTask.run(Unknown Source)
	at java.util.concurrent.ThreadPoolExecutor.runWorker(Unknown Source)
	at java.util.concurrent.ThreadPoolExecutor$Worker.run(Unknown Source)
	at java.lang.Thread.run(Unknown Source)
INFO 2022-08-09 12:40:56,064 - com.optimyth.qaking.codeanalysis.redos.RegexNfaAnalyzer$AnalysisRunner: Error analyzing regular expression: ^[a-z\d!#\$%&'\*\+\-\/=\?\^_`{\|}~\u00A0-\uD7FF\uF900-\uFDCF\uFDF0-\uFFEF]+$
java.util.regex.PatternSyntaxException: Illegal hexadecimal escape sequence near index 40
[a-z\d!#\$%&'\*\+\-\/=\?\^_`{\|}~\u00A0-\uD7FF\uF900-\uFDCF\uFDF0-\uFFEF]
                                        ^
	at nfa.transitionlabel.TransitionLabelParserRecursive.parseEscapedUnicodeCharacter(TransitionLabelParserRecursive.java:307)
	at nfa.transitionlabel.TransitionLabelParserRecursive.parsePredefinedCharacterClass(TransitionLabelParserRecursive.java:152)
	at nfa.transitionlabel.TransitionLabelParserRecursive.parseCharacterRange(TransitionLabelParserRecursive.java:576)
	at nfa.transitionlabel.TransitionLabelParserRecursive.parseCharacterClassFactor(TransitionLabelParserRecursive.java:473)
	at nfa.transitionlabel.TransitionLabelParserRecursive.parseCharacterClass(TransitionLabelParserRecursive.java:397)
	at nfa.transitionlabel.TransitionLabelParserRecursive.parseTransitionLabel(TransitionLabelParserRecursive.java:67)
	at regexcompiler.JavaParseTreeToNFAConverter.createBaseCaseSymbol(JavaParseTreeToNFAConverter.java:69)
	at regexcompiler.ParseTreeToNFAConverter.dfsBuild(ParseTreeToNFAConverter.java:127)
	at regexcompiler.ParseTreeToNFAConverter.dfsBuild(ParseTreeToNFAConverter.java:84)
	at regexcompiler.ParseTreeToNFAConverter.convertParseTree(ParseTreeToNFAConverter.java:58)
	at regexcompiler.MyPattern.toNFAGraph(MyPattern.java:99)
	at com.optimyth.qaking.codeanalysis.redos.RegexNfaAnalyzer$AnalysisRunner.run(RegexNfaAnalyzer.java:225)
	at java.util.concurrent.Executors$RunnableAdapter.call(Unknown Source)
	at java.util.concurrent.FutureTask.run(Unknown Source)
	at java.util.concurrent.ThreadPoolExecutor.runWorker(Unknown Source)
	at java.util.concurrent.ThreadPoolExecutor$Worker.run(Unknown Source)
	at java.lang.Thread.run(Unknown Source)
INFO 2022-08-09 12:40:56,065 - com.optimyth.qaking.codeanalysis.redos.RegexNfaAnalyzer$AnalysisRunner: Error analyzing regular expression: ^([\s\x01-\x08\x0b\x0c\x0e-\x1f\x7f\x21\x23-\x5b\x5d-\x7e\u00A0-\uD7FF\uF900-\uFDCF\uFDF0-\uFFEF]|(\\[\x01-\x09\x0b\x0c\x0d-\x7f\u00A0-\uD7FF\uF900-\uFDCF\uFDF0-\uFFEF]))*$
java.util.regex.PatternSyntaxException: Illegal hexadecimal escape sequence near index 62
[\s\x01-\x08\x0b\x0c\x0e-\x1f\x7f\x21\x23-\x5b\x5d-\x7e\u00A0-\uD7FF\uF900-\uFDCF\uFDF0-\uFFEF]
                                                              ^
	at nfa.transitionlabel.TransitionLabelParserRecursive.parseEscapedUnicodeCharacter(TransitionLabelParserRecursive.java:307)
	at nfa.transitionlabel.TransitionLabelParserRecursive.parsePredefinedCharacterClass(TransitionLabelParserRecursive.java:152)
	at nfa.transitionlabel.TransitionLabelParserRecursive.parseCharacterClassFactor(TransitionLabelParserRecursive.java:467)
	at nfa.transitionlabel.TransitionLabelParserRecursive.parseCharacterClass(TransitionLabelParserRecursive.java:397)
	at nfa.transitionlabel.TransitionLabelParserRecursive.parseTransitionLabel(TransitionLabelParserRecursive.java:67)
	at regexcompiler.JavaParseTreeToNFAConverter.createBaseCaseSymbol(JavaParseTreeToNFAConverter.java:69)
	at regexcompiler.ParseTreeToNFAConverter.dfsBuild(ParseTreeToNFAConverter.java:127)
	at regexcompiler.ParseTreeToNFAConverter.dfsBuild(ParseTreeToNFAConverter.java:105)
	at regexcompiler.ParseTreeToNFAConverter.dfsBuild(ParseTreeToNFAConverter.java:140)
	at regexcompiler.ParseTreeToNFAConverter.dfsBuild(ParseTreeToNFAConverter.java:77)
	at regexcompiler.ParseTreeToNFAConverter.convertParseTree(ParseTreeToNFAConverter.java:58)
	at regexcompiler.MyPattern.toNFAGraph(MyPattern.java:99)
	at com.optimyth.qaking.codeanalysis.redos.RegexNfaAnalyzer$AnalysisRunner.run(RegexNfaAnalyzer.java:225)
	at java.util.concurrent.Executors$RunnableAdapter.call(Unknown Source)
	at java.util.concurrent.FutureTask.run(Unknown Source)
	at java.util.concurrent.ThreadPoolExecutor.runWorker(Unknown Source)
	at java.util.concurrent.ThreadPoolExecutor$Worker.run(Unknown Source)
	at java.lang.Thread.run(Unknown Source)
INFO 2022-08-09 12:40:56,072 - com.optimyth.qaking.codeanalysis.redos.RegexNfaAnalyzer$AnalysisRunner: Error analyzing regular expression: ^([a-z\u00a1-\uffff]{2,}|xn[a-z0-9-]{2,})$
java.util.regex.PatternSyntaxException: Illegal hexadecimal escape sequence near index 11
[a-z\u00a1-\uffff]
           ^
	at nfa.transitionlabel.TransitionLabelParserRecursive.parseEscapedUnicodeCharacter(TransitionLabelParserRecursive.java:307)
	at nfa.transitionlabel.TransitionLabelParserRecursive.parsePredefinedCharacterClass(TransitionLabelParserRecursive.java:152)
	at nfa.transitionlabel.TransitionLabelParserRecursive.parseCharacterClassFactor(TransitionLabelParserRecursive.java:467)
	at nfa.transitionlabel.TransitionLabelParserRecursive.parseCharacterClass(TransitionLabelParserRecursive.java:397)
	at nfa.transitionlabel.TransitionLabelParserRecursive.parseTransitionLabel(TransitionLabelParserRecursive.java:67)
	at regexcompiler.JavaParseTreeToNFAConverter.createBaseCaseSymbol(JavaParseTreeToNFAConverter.java:69)
	at regexcompiler.ParseTreeToNFAConverter.dfsBuild(ParseTreeToNFAConverter.java:127)
	at regexcompiler.ParseTreeToNFAConverter.dfsBuild(ParseTreeToNFAConverter.java:91)
	at regexcompiler.ParseTreeToNFAConverter.dfsBuild(ParseTreeToNFAConverter.java:105)
	at regexcompiler.ParseTreeToNFAConverter.dfsBuild(ParseTreeToNFAConverter.java:140)
	at regexcompiler.ParseTreeToNFAConverter.convertParseTree(ParseTreeToNFAConverter.java:58)
	at regexcompiler.MyPattern.toNFAGraph(MyPattern.java:99)
	at com.optimyth.qaking.codeanalysis.redos.RegexNfaAnalyzer$AnalysisRunner.run(RegexNfaAnalyzer.java:225)
	at java.util.concurrent.Executors$RunnableAdapter.call(Unknown Source)
	at java.util.concurrent.FutureTask.run(Unknown Source)
	at java.util.concurrent.ThreadPoolExecutor.runWorker(Unknown Source)
	at java.util.concurrent.ThreadPoolExecutor$Worker.run(Unknown Source)
	at java.lang.Thread.run(Unknown Source)
INFO 2022-08-09 12:40:56,073 - com.optimyth.qaking.codeanalysis.redos.RegexNfaAnalyzer$AnalysisRunner: Error analyzing regular expression: [\s\u2002-\u200B\u202F\u205F\u3000\uFEFF\uDB40\uDC20]
java.util.regex.PatternSyntaxException: Illegal hexadecimal escape sequence near index 10
[\s\u2002-\u200B\u202F\u205F\u3000\uFEFF\uDB40\uDC20]
          ^
	at nfa.transitionlabel.TransitionLabelParserRecursive.parseEscapedUnicodeCharacter(TransitionLabelParserRecursive.java:307)
	at nfa.transitionlabel.TransitionLabelParserRecursive.parsePredefinedCharacterClass(TransitionLabelParserRecursive.java:152)
	at nfa.transitionlabel.TransitionLabelParserRecursive.parseCharacterClassFactor(TransitionLabelParserRecursive.java:467)
	at nfa.transitionlabel.TransitionLabelParserRecursive.parseCharacterClass(TransitionLabelParserRecursive.java:397)
	at nfa.transitionlabel.TransitionLabelParserRecursive.parseTransitionLabel(TransitionLabelParserRecursive.java:67)
	at regexcompiler.JavaParseTreeToNFAConverter.createBaseCaseSymbol(JavaParseTreeToNFAConverter.java:69)
	at regexcompiler.ParseTreeToNFAConverter.dfsBuild(ParseTreeToNFAConverter.java:127)
	at regexcompiler.ParseTreeToNFAConverter.convertParseTree(ParseTreeToNFAConverter.java:58)
	at regexcompiler.MyPattern.toNFAGraph(MyPattern.java:99)
	at com.optimyth.qaking.codeanalysis.redos.RegexNfaAnalyzer$AnalysisRunner.run(RegexNfaAnalyzer.java:225)
	at java.util.concurrent.Executors$RunnableAdapter.call(Unknown Source)
	at java.util.concurrent.FutureTask.run(Unknown Source)
	at java.util.concurrent.ThreadPoolExecutor.runWorker(Unknown Source)
	at java.util.concurrent.ThreadPoolExecutor$Worker.run(Unknown Source)
	at java.lang.Thread.run(Unknown Source)
INFO 2022-08-09 12:40:56,073 - com.optimyth.qaking.codeanalysis.redos.RegexNfaAnalyzer$AnalysisRunner: Error analyzing regular expression: ^[a-z\u00a1-\uffff0-9-]+$
java.util.regex.PatternSyntaxException: Illegal hexadecimal escape sequence near index 11
[a-z\u00a1-\uffff0-9-]
           ^
	at nfa.transitionlabel.TransitionLabelParserRecursive.parseEscapedUnicodeCharacter(TransitionLabelParserRecursive.java:307)
	at nfa.transitionlabel.TransitionLabelParserRecursive.parsePredefinedCharacterClass(TransitionLabelParserRecursive.java:152)
	at nfa.transitionlabel.TransitionLabelParserRecursive.parseCharacterClassFactor(TransitionLabelParserRecursive.java:467)
	at nfa.transitionlabel.TransitionLabelParserRecursive.parseCharacterClass(TransitionLabelParserRecursive.java:397)
	at nfa.transitionlabel.TransitionLabelParserRecursive.parseTransitionLabel(TransitionLabelParserRecursive.java:67)
	at regexcompiler.JavaParseTreeToNFAConverter.createBaseCaseSymbol(JavaParseTreeToNFAConverter.java:69)
	at regexcompiler.ParseTreeToNFAConverter.dfsBuild(ParseTreeToNFAConverter.java:127)
	at regexcompiler.ParseTreeToNFAConverter.dfsBuild(ParseTreeToNFAConverter.java:84)
	at regexcompiler.ParseTreeToNFAConverter.convertParseTree(ParseTreeToNFAConverter.java:58)
	at regexcompiler.MyPattern.toNFAGraph(MyPattern.java:99)
	at com.optimyth.qaking.codeanalysis.redos.RegexNfaAnalyzer$AnalysisRunner.run(RegexNfaAnalyzer.java:225)
	at java.util.concurrent.Executors$RunnableAdapter.call(Unknown Source)
	at java.util.concurrent.FutureTask.run(Unknown Source)
	at java.util.concurrent.ThreadPoolExecutor.runWorker(Unknown Source)
	at java.util.concurrent.ThreadPoolExecutor$Worker.run(Unknown Source)
	at java.lang.Thread.run(Unknown Source)
INFO 2022-08-09 12:40:56,073 - com.optimyth.qaking.codeanalysis.redos.RegexNfaAnalyzer$AnalysisRunner: Error analyzing regular expression: [\uff01-\uff5e]
java.util.regex.PatternSyntaxException: Illegal hexadecimal escape sequence near index 8
[\uff01-\uff5e]
        ^
	at nfa.transitionlabel.TransitionLabelParserRecursive.parseEscapedUnicodeCharacter(TransitionLabelParserRecursive.java:307)
	at nfa.transitionlabel.TransitionLabelParserRecursive.parsePredefinedCharacterClass(TransitionLabelParserRecursive.java:152)
	at nfa.transitionlabel.TransitionLabelParserRecursive.parseCharacterClassFactor(TransitionLabelParserRecursive.java:467)
	at nfa.transitionlabel.TransitionLabelParserRecursive.parseCharacterClass(TransitionLabelParserRecursive.java:397)
	at nfa.transitionlabel.TransitionLabelParserRecursive.parseTransitionLabel(TransitionLabelParserRecursive.java:67)
	at regexcompiler.JavaParseTreeToNFAConverter.createBaseCaseSymbol(JavaParseTreeToNFAConverter.java:69)
	at regexcompiler.ParseTreeToNFAConverter.dfsBuild(ParseTreeToNFAConverter.java:127)
	at regexcompiler.ParseTreeToNFAConverter.convertParseTree(ParseTreeToNFAConverter.java:58)
	at regexcompiler.MyPattern.toNFAGraph(MyPattern.java:99)
	at com.optimyth.qaking.codeanalysis.redos.RegexNfaAnalyzer$AnalysisRunner.run(RegexNfaAnalyzer.java:225)
	at java.util.concurrent.Executors$RunnableAdapter.call(Unknown Source)
	at java.util.concurrent.FutureTask.run(Unknown Source)
	at java.util.concurrent.ThreadPoolExecutor.runWorker(Unknown Source)
	at java.util.concurrent.ThreadPoolExecutor$Worker.run(Unknown Source)
	at java.lang.Thread.run(Unknown Source)
INFO 2022-08-09 12:40:56,073 - com.optimyth.qaking.codeanalysis.redos.RegexNfaAnalyzer$AnalysisRunner: Error analyzing regular expression: [^\u0020-\u007E\uFF61-\uFF9F\uFFA0-\uFFDC\uFFE8-\uFFEE0-9a-zA-Z]
java.util.regex.PatternSyntaxException: Illegal hexadecimal escape sequence near index 9
[^\u0020-\u007E\uFF61-\uFF9F\uFFA0-\uFFDC\uFFE8-\uFFEE0-9a-zA-Z]
         ^
	at nfa.transitionlabel.TransitionLabelParserRecursive.parseEscapedUnicodeCharacter(TransitionLabelParserRecursive.java:307)
	at nfa.transitionlabel.TransitionLabelParserRecursive.parsePredefinedCharacterClass(TransitionLabelParserRecursive.java:152)
	at nfa.transitionlabel.TransitionLabelParserRecursive.parseCharacterClassFactor(TransitionLabelParserRecursive.java:467)
	at nfa.transitionlabel.TransitionLabelParserRecursive.parseCharacterClass(TransitionLabelParserRecursive.java:397)
	at nfa.transitionlabel.TransitionLabelParserRecursive.parseTransitionLabel(TransitionLabelParserRecursive.java:67)
	at regexcompiler.JavaParseTreeToNFAConverter.createBaseCaseSymbol(JavaParseTreeToNFAConverter.java:69)
	at regexcompiler.ParseTreeToNFAConverter.dfsBuild(ParseTreeToNFAConverter.java:127)
	at regexcompiler.ParseTreeToNFAConverter.convertParseTree(ParseTreeToNFAConverter.java:58)
	at regexcompiler.MyPattern.toNFAGraph(MyPattern.java:99)
	at com.optimyth.qaking.codeanalysis.redos.RegexNfaAnalyzer$AnalysisRunner.run(RegexNfaAnalyzer.java:225)
	at java.util.concurrent.Executors$RunnableAdapter.call(Unknown Source)
	at java.util.concurrent.FutureTask.run(Unknown Source)
	at java.util.concurrent.ThreadPoolExecutor.runWorker(Unknown Source)
	at java.util.concurrent.ThreadPoolExecutor$Worker.run(Unknown Source)
	at java.lang.Thread.run(Unknown Source)
INFO 2022-08-09 12:40:56,073 - com.optimyth.qaking.codeanalysis.redos.RegexNfaAnalyzer$AnalysisRunner: Error analyzing regular expression: [\u0020-\u007E\uFF61-\uFF9F\uFFA0-\uFFDC\uFFE8-\uFFEE0-9a-zA-Z]
java.util.regex.PatternSyntaxException: Illegal hexadecimal escape sequence near index 8
[\u0020-\u007E\uFF61-\uFF9F\uFFA0-\uFFDC\uFFE8-\uFFEE0-9a-zA-Z]
        ^
	at nfa.transitionlabel.TransitionLabelParserRecursive.parseEscapedUnicodeCharacter(TransitionLabelParserRecursive.java:307)
	at nfa.transitionlabel.TransitionLabelParserRecursive.parsePredefinedCharacterClass(TransitionLabelParserRecursive.java:152)
	at nfa.transitionlabel.TransitionLabelParserRecursive.parseCharacterClassFactor(TransitionLabelParserRecursive.java:467)
	at nfa.transitionlabel.TransitionLabelParserRecursive.parseCharacterClass(TransitionLabelParserRecursive.java:397)
	at nfa.transitionlabel.TransitionLabelParserRecursive.parseTransitionLabel(TransitionLabelParserRecursive.java:67)
	at regexcompiler.JavaParseTreeToNFAConverter.createBaseCaseSymbol(JavaParseTreeToNFAConverter.java:69)
	at regexcompiler.ParseTreeToNFAConverter.dfsBuild(ParseTreeToNFAConverter.java:127)
	at regexcompiler.ParseTreeToNFAConverter.convertParseTree(ParseTreeToNFAConverter.java:58)
	at regexcompiler.MyPattern.toNFAGraph(MyPattern.java:99)
	at com.optimyth.qaking.codeanalysis.redos.RegexNfaAnalyzer$AnalysisRunner.run(RegexNfaAnalyzer.java:225)
	at java.util.concurrent.Executors$RunnableAdapter.call(Unknown Source)
	at java.util.concurrent.FutureTask.run(Unknown Source)
	at java.util.concurrent.ThreadPoolExecutor.runWorker(Unknown Source)
	at java.util.concurrent.ThreadPoolExecutor$Worker.run(Unknown Source)
	at java.lang.Thread.run(Unknown Source)
INFO 2022-08-09 12:40:56,174 - com.optimyth.qaking.codeanalysis.redos.RegexNfaAnalyzer$AnalysisRunner: Error analyzing regular expression: ^([\+-]?\d{4}(?!\d{2}\b))((-?)((0[1-9]|1[0-2])(\3([12]\d|0[1-9]|3[01]))?|W([0-4]\d|5[0-2])(-?[1-7])?|(00[1-9]|0[1-9]\d|[12]\d{2}|3([0-5]\d|6[1-6])))([T\s]((([01]\d|2[0-3])((:?)[0-5]\d)?|24:?00)([\.,]\d+(?!:))?)?(\17[0-5]\d([\.,]\d+)?)?([zZ]|([\+-])([01]\d|2[0-3]):?([0-5]\d)?)?)?)?$
java.lang.UnsupportedOperationException: Negative Look ahead symbols not supported
	at regexcompiler.ParseTreeToNFAConverter.dfsBuild(ParseTreeToNFAConverter.java:145)
	at regexcompiler.ParseTreeToNFAConverter.dfsBuild(ParseTreeToNFAConverter.java:114)
	at regexcompiler.ParseTreeToNFAConverter.dfsBuild(ParseTreeToNFAConverter.java:140)
	at regexcompiler.ParseTreeToNFAConverter.dfsBuild(ParseTreeToNFAConverter.java:113)
	at regexcompiler.ParseTreeToNFAConverter.convertParseTree(ParseTreeToNFAConverter.java:58)
	at regexcompiler.MyPattern.toNFAGraph(MyPattern.java:99)
	at com.optimyth.qaking.codeanalysis.redos.RegexNfaAnalyzer$AnalysisRunner.run(RegexNfaAnalyzer.java:225)
	at java.util.concurrent.Executors$RunnableAdapter.call(Unknown Source)
	at java.util.concurrent.FutureTask.run(Unknown Source)
	at java.util.concurrent.ThreadPoolExecutor.runWorker(Unknown Source)
	at java.util.concurrent.ThreadPoolExecutor$Worker.run(Unknown Source)
	at java.lang.Thread.run(Unknown Source)
INFO 2022-08-09 12:40:56,304 - com.optimyth.qaking.codeanalysis.redos.RegexNfaAnalyzer$AnalysisRunner: Error analyzing regular expression: [\uD800-\uDBFF][\uDC00-\uDFFF]
java.util.regex.PatternSyntaxException: Illegal hexadecimal escape sequence near index 8
[\uD800-\uDBFF]
        ^
	at nfa.transitionlabel.TransitionLabelParserRecursive.parseEscapedUnicodeCharacter(TransitionLabelParserRecursive.java:307)
	at nfa.transitionlabel.TransitionLabelParserRecursive.parsePredefinedCharacterClass(TransitionLabelParserRecursive.java:152)
	at nfa.transitionlabel.TransitionLabelParserRecursive.parseCharacterClassFactor(TransitionLabelParserRecursive.java:467)
	at nfa.transitionlabel.TransitionLabelParserRecursive.parseCharacterClass(TransitionLabelParserRecursive.java:397)
	at nfa.transitionlabel.TransitionLabelParserRecursive.parseTransitionLabel(TransitionLabelParserRecursive.java:67)
	at regexcompiler.JavaParseTreeToNFAConverter.createBaseCaseSymbol(JavaParseTreeToNFAConverter.java:69)
	at regexcompiler.ParseTreeToNFAConverter.dfsBuild(ParseTreeToNFAConverter.java:127)
	at regexcompiler.ParseTreeToNFAConverter.dfsBuild(ParseTreeToNFAConverter.java:113)
	at regexcompiler.ParseTreeToNFAConverter.convertParseTree(ParseTreeToNFAConverter.java:58)
	at regexcompiler.MyPattern.toNFAGraph(MyPattern.java:99)
	at com.optimyth.qaking.codeanalysis.redos.RegexNfaAnalyzer$AnalysisRunner.run(RegexNfaAnalyzer.java:225)
	at java.util.concurrent.Executors$RunnableAdapter.call(Unknown Source)
	at java.util.concurrent.FutureTask.run(Unknown Source)
	at java.util.concurrent.ThreadPoolExecutor.runWorker(Unknown Source)
	at java.util.concurrent.ThreadPoolExecutor$Worker.run(Unknown Source)
	at java.lang.Thread.run(Unknown Source)
INFO 2022-08-09 12:41:12,534 - com.optimyth.qaking.codeanalysis.redos.RegexNfaAnalyzer$AnalysisRunner: Error analyzing regular expression: ^((\+92)|(0092))-{0,1}\d{3}-{0,1}\d{7}$|^\d{11}$|^\d{4}-\d{7}$
java.util.regex.PatternSyntaxException: Dangling meta character '|' near index 39
^((\+92)|(0092))-{0,1}\d{3}-{0,1}\d{7}$|^\d{11}$|^\d{4}-\d{7}$
                                       ^
	at regexcompiler.MyPattern$Parser.parseRegex(MyPattern.java:587)
	at regexcompiler.MyPattern$Parser.parse(MyPattern.java:546)
	at regexcompiler.MyPattern.toNFAGraph(MyPattern.java:86)
	at com.optimyth.qaking.codeanalysis.redos.RegexNfaAnalyzer$AnalysisRunner.run(RegexNfaAnalyzer.java:225)
	at java.util.concurrent.Executors$RunnableAdapter.call(Unknown Source)
	at java.util.concurrent.FutureTask.run(Unknown Source)
	at java.util.concurrent.ThreadPoolExecutor.runWorker(Unknown Source)
	at java.util.concurrent.ThreadPoolExecutor$Worker.run(Unknown Source)
	at java.lang.Thread.run(Unknown Source)
INFO 2022-08-09 12:41:12,561 - com.optimyth.qaking.codeanalysis.redos.RegexNfaAnalyzer$AnalysisRunner: Error analyzing regular expression: ^(\+?1)?[2-9]\d{2}[2-9](?!11)\d{6}$
java.lang.UnsupportedOperationException: Negative Look ahead symbols not supported
	at regexcompiler.ParseTreeToNFAConverter.dfsBuild(ParseTreeToNFAConverter.java:145)
	at regexcompiler.ParseTreeToNFAConverter.dfsBuild(ParseTreeToNFAConverter.java:114)
	at regexcompiler.ParseTreeToNFAConverter.dfsBuild(ParseTreeToNFAConverter.java:113)
	at regexcompiler.ParseTreeToNFAConverter.convertParseTree(ParseTreeToNFAConverter.java:58)
	at regexcompiler.MyPattern.toNFAGraph(MyPattern.java:99)
	at com.optimyth.qaking.codeanalysis.redos.RegexNfaAnalyzer$AnalysisRunner.run(RegexNfaAnalyzer.java:225)
	at java.util.concurrent.Executors$RunnableAdapter.call(Unknown Source)
	at java.util.concurrent.FutureTask.run(Unknown Source)
	at java.util.concurrent.ThreadPoolExecutor.runWorker(Unknown Source)
	at java.util.concurrent.ThreadPoolExecutor$Worker.run(Unknown Source)
	at java.lang.Thread.run(Unknown Source)
INFO 2022-08-09 12:41:14,245 - com.optimyth.qaking.codeanalysis.redos.RegexNfaAnalyzer$AnalysisRunner: Error analyzing regular expression: ^(\+?84|0)?((1(2([0-9])|6([2-9])|88|99))|(9((?!5)[0-9])))([0-9]{7})$
java.lang.UnsupportedOperationException: Negative Look ahead symbols not supported
	at regexcompiler.ParseTreeToNFAConverter.dfsBuild(ParseTreeToNFAConverter.java:145)
	at regexcompiler.ParseTreeToNFAConverter.dfsBuild(ParseTreeToNFAConverter.java:113)
	at regexcompiler.ParseTreeToNFAConverter.dfsBuild(ParseTreeToNFAConverter.java:140)
	at regexcompiler.ParseTreeToNFAConverter.dfsBuild(ParseTreeToNFAConverter.java:114)
	at regexcompiler.ParseTreeToNFAConverter.dfsBuild(ParseTreeToNFAConverter.java:140)
	at regexcompiler.ParseTreeToNFAConverter.dfsBuild(ParseTreeToNFAConverter.java:106)
	at regexcompiler.ParseTreeToNFAConverter.dfsBuild(ParseTreeToNFAConverter.java:140)
	at regexcompiler.ParseTreeToNFAConverter.dfsBuild(ParseTreeToNFAConverter.java:114)
	at regexcompiler.ParseTreeToNFAConverter.dfsBuild(ParseTreeToNFAConverter.java:113)
	at regexcompiler.ParseTreeToNFAConverter.convertParseTree(ParseTreeToNFAConverter.java:58)
	at regexcompiler.MyPattern.toNFAGraph(MyPattern.java:99)
	at com.optimyth.qaking.codeanalysis.redos.RegexNfaAnalyzer$AnalysisRunner.run(RegexNfaAnalyzer.java:225)
	at java.util.concurrent.Executors$RunnableAdapter.call(Unknown Source)
	at java.util.concurrent.FutureTask.run(Unknown Source)
	at java.util.concurrent.ThreadPoolExecutor.runWorker(Unknown Source)
	at java.util.concurrent.ThreadPoolExecutor$Worker.run(Unknown Source)
	at java.lang.Thread.run(Unknown Source)
INFO 2022-08-09 12:41:14,411 - com.optimyth.qaking.codeanalysis.redos.RegexNfaAnalyzer$AnalysisRunner: Error analyzing regular expression: [\0\uFFFE\uFFFF]|[\uD800-\uDBFF](?![\uDC00-\uDFFF])|(?:[^\uD800-\uDBFF]|^)[\uDC00-\uDFFF]
regexcompiler.UnimplementedFunctionalityException: Anchor at invalid position: ^ at 72
	at regexcompiler.MyPattern$Parser.parseTerm(MyPattern.java:610)
	at regexcompiler.MyPattern$Parser.parseRegex(MyPattern.java:569)
	at regexcompiler.MyPattern$Parser.parse(MyPattern.java:546)
	at regexcompiler.MyPattern$Parser.parseFactor(MyPattern.java:660)
	at regexcompiler.MyPattern$Parser.parseTerm(MyPattern.java:598)
	at regexcompiler.MyPattern$Parser.parseRegex(MyPattern.java:569)
	at regexcompiler.MyPattern$Parser.parse(MyPattern.java:546)
	at regexcompiler.MyPattern.toNFAGraph(MyPattern.java:86)
	at com.optimyth.qaking.codeanalysis.redos.RegexNfaAnalyzer$AnalysisRunner.run(RegexNfaAnalyzer.java:225)
	at java.util.concurrent.Executors$RunnableAdapter.call(Unknown Source)
	at java.util.concurrent.FutureTask.run(Unknown Source)
	at java.util.concurrent.ThreadPoolExecutor.runWorker(Unknown Source)
	at java.util.concurrent.ThreadPoolExecutor$Worker.run(Unknown Source)
	at java.lang.Thread.run(Unknown Source)
INFO 2022-08-09 12:41:14,412 - com.optimyth.qaking.codeanalysis.redos.RegexNfaAnalyzer$AnalysisRunner: Error analyzing regular expression: (?!&\S+;)&
java.lang.UnsupportedOperationException: Negative Look ahead symbols not supported
	at regexcompiler.ParseTreeToNFAConverter.dfsBuild(ParseTreeToNFAConverter.java:145)
	at regexcompiler.ParseTreeToNFAConverter.dfsBuild(ParseTreeToNFAConverter.java:113)
	at regexcompiler.ParseTreeToNFAConverter.convertParseTree(ParseTreeToNFAConverter.java:58)
	at regexcompiler.MyPattern.toNFAGraph(MyPattern.java:99)
	at com.optimyth.qaking.codeanalysis.redos.RegexNfaAnalyzer$AnalysisRunner.run(RegexNfaAnalyzer.java:225)
	at java.util.concurrent.Executors$RunnableAdapter.call(Unknown Source)
	at java.util.concurrent.FutureTask.run(Unknown Source)
	at java.util.concurrent.ThreadPoolExecutor.runWorker(Unknown Source)
	at java.util.concurrent.ThreadPoolExecutor$Worker.run(Unknown Source)
	at java.lang.Thread.run(Unknown Source)
INFO 2022-08-09 12:41:17,301 - com.optimyth.qaking.codeanalysis.redos.RegexNfaAnalyzer$AnalysisRunner: Error analyzing regular expression: [\r\n\u2028]
java.util.regex.PatternSyntaxException: Illegal hexadecimal escape sequence near index 12
[\r\n\u2028]
	at nfa.transitionlabel.TransitionLabelParserRecursive.parseEscapedUnicodeCharacter(TransitionLabelParserRecursive.java:307)
	at nfa.transitionlabel.TransitionLabelParserRecursive.parsePredefinedCharacterClass(TransitionLabelParserRecursive.java:152)
	at nfa.transitionlabel.TransitionLabelParserRecursive.parseCharacterRange(TransitionLabelParserRecursive.java:576)
	at nfa.transitionlabel.TransitionLabelParserRecursive.parsePredefinedCharacterClass(TransitionLabelParserRecursive.java:118)
	at nfa.transitionlabel.TransitionLabelParserRecursive.parseCharacterRange(TransitionLabelParserRecursive.java:576)
	at nfa.transitionlabel.TransitionLabelParserRecursive.parsePredefinedCharacterClass(TransitionLabelParserRecursive.java:124)
	at nfa.transitionlabel.TransitionLabelParserRecursive.parseCharacterClassFactor(TransitionLabelParserRecursive.java:467)
	at nfa.transitionlabel.TransitionLabelParserRecursive.parseCharacterClass(TransitionLabelParserRecursive.java:397)
	at nfa.transitionlabel.TransitionLabelParserRecursive.parseTransitionLabel(TransitionLabelParserRecursive.java:67)
	at regexcompiler.JavaParseTreeToNFAConverter.createBaseCaseSymbol(JavaParseTreeToNFAConverter.java:69)
	at regexcompiler.ParseTreeToNFAConverter.dfsBuild(ParseTreeToNFAConverter.java:127)
	at regexcompiler.ParseTreeToNFAConverter.convertParseTree(ParseTreeToNFAConverter.java:58)
	at regexcompiler.MyPattern.toNFAGraph(MyPattern.java:99)
	at com.optimyth.qaking.codeanalysis.redos.RegexNfaAnalyzer$AnalysisRunner.run(RegexNfaAnalyzer.java:225)
	at java.util.concurrent.Executors$RunnableAdapter.call(Unknown Source)
	at java.util.concurrent.FutureTask.run(Unknown Source)
	at java.util.concurrent.ThreadPoolExecutor.runWorker(Unknown Source)
	at java.util.concurrent.ThreadPoolExecutor$Worker.run(Unknown Source)
	at java.lang.Thread.run(Unknown Source)
INFO 2022-08-09 12:41:17,316 - com.optimyth.qaking.codeanalysis.redos.RegexNfaAnalyzer$AnalysisRunner: Error analyzing regular expression: [',$%\u2009\u202F\u20BD\u20a9\u20BArfk??]
java.util.regex.PatternSyntaxException: Illegal hexadecimal escape sequence near index 15
[',$%\u2009\u202F\u20BD\u20a9\u20BArfk??]
               ^
	at nfa.transitionlabel.TransitionLabelParserRecursive.parseEscapedUnicodeCharacter(TransitionLabelParserRecursive.java:307)
	at nfa.transitionlabel.TransitionLabelParserRecursive.parsePredefinedCharacterClass(TransitionLabelParserRecursive.java:152)
	at nfa.transitionlabel.TransitionLabelParserRecursive.parseCharacterRange(TransitionLabelParserRecursive.java:576)
	at nfa.transitionlabel.TransitionLabelParserRecursive.parseCharacterClassFactor(TransitionLabelParserRecursive.java:473)
	at nfa.transitionlabel.TransitionLabelParserRecursive.parseCharacterClass(TransitionLabelParserRecursive.java:397)
	at nfa.transitionlabel.TransitionLabelParserRecursive.parseTransitionLabel(TransitionLabelParserRecursive.java:67)
	at regexcompiler.JavaParseTreeToNFAConverter.createBaseCaseSymbol(JavaParseTreeToNFAConverter.java:69)
	at regexcompiler.ParseTreeToNFAConverter.dfsBuild(ParseTreeToNFAConverter.java:127)
	at regexcompiler.ParseTreeToNFAConverter.convertParseTree(ParseTreeToNFAConverter.java:58)
	at regexcompiler.MyPattern.toNFAGraph(MyPattern.java:99)
	at com.optimyth.qaking.codeanalysis.redos.RegexNfaAnalyzer$AnalysisRunner.run(RegexNfaAnalyzer.java:225)
	at java.util.concurrent.Executors$RunnableAdapter.call(Unknown Source)
	at java.util.concurrent.FutureTask.run(Unknown Source)
	at java.util.concurrent.ThreadPoolExecutor.runWorker(Unknown Source)
	at java.util.concurrent.ThreadPoolExecutor$Worker.run(Unknown Source)
	at java.lang.Thread.run(Unknown Source)
INFO 2022-08-09 12:41:17,400 - com.optimyth.qaking.codeanalysis.redos.RegexNfaAnalyzer$AnalysisRunner: Error analyzing regular expression: \.dt\b
java.util.regex.PatternSyntaxException: Illegal/unsupported escape sequence near index 2
\b
	at nfa.transitionlabel.TransitionLabelParserRecursive.parsePredefinedCharacterClass(TransitionLabelParserRecursive.java:209)
	at nfa.transitionlabel.TransitionLabelParserRecursive.parseTransitionLabel(TransitionLabelParserRecursive.java:81)
	at regexcompiler.JavaParseTreeToNFAConverter.createBaseCaseSymbol(JavaParseTreeToNFAConverter.java:69)
	at regexcompiler.ParseTreeToNFAConverter.dfsBuild(ParseTreeToNFAConverter.java:132)
	at regexcompiler.ParseTreeToNFAConverter.dfsBuild(ParseTreeToNFAConverter.java:114)
	at regexcompiler.ParseTreeToNFAConverter.convertParseTree(ParseTreeToNFAConverter.java:58)
	at regexcompiler.MyPattern.toNFAGraph(MyPattern.java:99)
	at com.optimyth.qaking.codeanalysis.redos.RegexNfaAnalyzer$AnalysisRunner.run(RegexNfaAnalyzer.java:225)
	at java.util.concurrent.Executors$RunnableAdapter.call(Unknown Source)
	at java.util.concurrent.FutureTask.run(Unknown Source)
	at java.util.concurrent.ThreadPoolExecutor.runWorker(Unknown Source)
	at java.util.concurrent.ThreadPoolExecutor$Worker.run(Unknown Source)
	at java.lang.Thread.run(Unknown Source)
INFO 2022-08-09 12:41:17,401 - com.optimyth.qaking.codeanalysis.redos.RegexNfaAnalyzer$AnalysisRunner: Error analyzing regular expression: \B(?=(\d{3})+(?!\d))
java.util.regex.PatternSyntaxException: Illegal/unsupported escape sequence near index 2
\B
	at nfa.transitionlabel.TransitionLabelParserRecursive.parsePredefinedCharacterClass(TransitionLabelParserRecursive.java:209)
	at nfa.transitionlabel.TransitionLabelParserRecursive.parseTransitionLabel(TransitionLabelParserRecursive.java:81)
	at regexcompiler.JavaParseTreeToNFAConverter.createBaseCaseSymbol(JavaParseTreeToNFAConverter.java:69)
	at regexcompiler.ParseTreeToNFAConverter.dfsBuild(ParseTreeToNFAConverter.java:132)
	at regexcompiler.ParseTreeToNFAConverter.dfsBuild(ParseTreeToNFAConverter.java:113)
	at regexcompiler.ParseTreeToNFAConverter.convertParseTree(ParseTreeToNFAConverter.java:58)
	at regexcompiler.MyPattern.toNFAGraph(MyPattern.java:99)
	at com.optimyth.qaking.codeanalysis.redos.RegexNfaAnalyzer$AnalysisRunner.run(RegexNfaAnalyzer.java:225)
	at java.util.concurrent.Executors$RunnableAdapter.call(Unknown Source)
	at java.util.concurrent.FutureTask.run(Unknown Source)
	at java.util.concurrent.ThreadPoolExecutor.runWorker(Unknown Source)
	at java.util.concurrent.ThreadPoolExecutor$Worker.run(Unknown Source)
	at java.lang.Thread.run(Unknown Source)
INFO 2022-08-09 12:41:17,885 - com.optimyth.qaking.codeanalysis.redos.RegexNfaAnalyzer$AnalysisRunner: Error analyzing regular expression: [',$%\u2009\u202F\u20BD\u20a9\u20BArfk??]
java.util.regex.PatternSyntaxException: Illegal hexadecimal escape sequence near index 15
[',$%\u2009\u202F\u20BD\u20a9\u20BArfk??]
               ^
	at nfa.transitionlabel.TransitionLabelParserRecursive.parseEscapedUnicodeCharacter(TransitionLabelParserRecursive.java:307)
	at nfa.transitionlabel.TransitionLabelParserRecursive.parsePredefinedCharacterClass(TransitionLabelParserRecursive.java:152)
	at nfa.transitionlabel.TransitionLabelParserRecursive.parseCharacterRange(TransitionLabelParserRecursive.java:576)
	at nfa.transitionlabel.TransitionLabelParserRecursive.parseCharacterClassFactor(TransitionLabelParserRecursive.java:473)
	at nfa.transitionlabel.TransitionLabelParserRecursive.parseCharacterClass(TransitionLabelParserRecursive.java:397)
	at nfa.transitionlabel.TransitionLabelParserRecursive.parseTransitionLabel(TransitionLabelParserRecursive.java:67)
	at regexcompiler.JavaParseTreeToNFAConverter.createBaseCaseSymbol(JavaParseTreeToNFAConverter.java:69)
	at regexcompiler.ParseTreeToNFAConverter.dfsBuild(ParseTreeToNFAConverter.java:127)
	at regexcompiler.ParseTreeToNFAConverter.convertParseTree(ParseTreeToNFAConverter.java:58)
	at regexcompiler.MyPattern.toNFAGraph(MyPattern.java:99)
	at com.optimyth.qaking.codeanalysis.redos.RegexNfaAnalyzer$AnalysisRunner.run(RegexNfaAnalyzer.java:225)
	at java.util.concurrent.Executors$RunnableAdapter.call(Unknown Source)
	at java.util.concurrent.FutureTask.run(Unknown Source)
	at java.util.concurrent.ThreadPoolExecutor.runWorker(Unknown Source)
	at java.util.concurrent.ThreadPoolExecutor$Worker.run(Unknown Source)
	at java.lang.Thread.run(Unknown Source)
INFO 2022-08-09 12:41:18,208 - com.optimyth.qaking.codeanalysis.redos.RegexNfaAnalyzer$AnalysisRunner: Error analyzing regular expression: ^data\:|^blob\:|\?
regexcompiler.UnimplementedFunctionalityException: Anchor at invalid position: ^ at 8
	at regexcompiler.MyPattern$Parser.parseTerm(MyPattern.java:610)
	at regexcompiler.MyPattern$Parser.parseRegex(MyPattern.java:569)
	at regexcompiler.MyPattern$Parser.parse(MyPattern.java:546)
	at regexcompiler.MyPattern.toNFAGraph(MyPattern.java:86)
	at com.optimyth.qaking.codeanalysis.redos.RegexNfaAnalyzer$AnalysisRunner.run(RegexNfaAnalyzer.java:225)
	at java.util.concurrent.Executors$RunnableAdapter.call(Unknown Source)
	at java.util.concurrent.FutureTask.run(Unknown Source)
	at java.util.concurrent.ThreadPoolExecutor.runWorker(Unknown Source)
	at java.util.concurrent.ThreadPoolExecutor$Worker.run(Unknown Source)
	at java.lang.Thread.run(Unknown Source)
INFO 2022-08-09 12:41:18,212 - com.optimyth.qaking.codeanalysis.redos.RegexNfaAnalyzer$AnalysisRunner: Error analyzing regular expression: (\/\*([\s\S]*?)\*\/|([^:]|^)\/\/(.*)$)
regexcompiler.UnimplementedFunctionalityException: Anchor at invalid position: ^ at 26
	at regexcompiler.MyPattern$Parser.parseTerm(MyPattern.java:610)
	at regexcompiler.MyPattern$Parser.parseRegex(MyPattern.java:569)
	at regexcompiler.MyPattern$Parser.parse(MyPattern.java:546)
	at regexcompiler.MyPattern$Parser.parseFactor(MyPattern.java:669)
	at regexcompiler.MyPattern$Parser.parseTerm(MyPattern.java:598)
	at regexcompiler.MyPattern$Parser.parseRegex(MyPattern.java:569)
	at regexcompiler.MyPattern$Parser.parse(MyPattern.java:546)
	at regexcompiler.MyPattern$Parser.parseFactor(MyPattern.java:669)
	at regexcompiler.MyPattern$Parser.parseTerm(MyPattern.java:598)
	at regexcompiler.MyPattern$Parser.parseRegex(MyPattern.java:564)
	at regexcompiler.MyPattern$Parser.parse(MyPattern.java:546)
	at regexcompiler.MyPattern.toNFAGraph(MyPattern.java:86)
	at com.optimyth.qaking.codeanalysis.redos.RegexNfaAnalyzer$AnalysisRunner.run(RegexNfaAnalyzer.java:225)
	at java.util.concurrent.Executors$RunnableAdapter.call(Unknown Source)
	at java.util.concurrent.FutureTask.run(Unknown Source)
	at java.util.concurrent.ThreadPoolExecutor.runWorker(Unknown Source)
	at java.util.concurrent.ThreadPoolExecutor$Worker.run(Unknown Source)
	at java.lang.Thread.run(Unknown Source)
